#
# A fatal error has been detected by the Java Runtime Environment:
#
#  SIGBUS (0x7) at pc=0x00007fd54b39a07f, pid=6442, tid=6458
#
# JRE version: OpenJDK Runtime Environment GraalVM CE 22.3.0 (17.0.5+8) (build 17.0.5+8-jvmci-22.3-b08)
# Java VM: OpenJDK 64-Bit Server VM GraalVM CE 22.3.0 (17.0.5+8-jvmci-22.3-b08, mixed mode, sharing, tiered, jvmci, jvmci compiler, compressed oops, compressed class ptrs, parallel gc, linux-amd64)
# Problematic frame:
# V  [libjvm.so+0x5ae07f]  CompileBroker::collect_statistics(CompilerThread*, elapsedTimer, CompileTask*)+0x71f
#
# Core dump will be written. Default location: Core dumps may be processed with "/usr/share/apport/apport -p%p -s%s -c%c -d%d -P%P -u%u -g%g -- %E" (or dumping to /home/runner/Password-Generator-Java/core.6442)
#
# If you would like to submit a bug report, please visit:
#   https://github.com/oracle/graal/issues
#

---------------  S U M M A R Y ------------

Command Line: -XX:ThreadPriorityPolicy=1 -XX:+UnlockExperimentalVMOptions -XX:+EnableJVMCIProduct -XX:JVMCIThreadsPerNativeLibraryRuntime=1 -XX:-UnlockExperimentalVMOptions -Declipse.application=org.eclipse.jdt.ls.core.id1 -Dosgi.bundles.defaultStartLevel=4 -Declipse.product=org.eclipse.jdt.ls.core.product -Dlog.level=ALL -Xverify:none -XX:+UseParallelGC -XX:GCTimeRatio=4 -XX:AdaptiveSizePolicyWeight=90 -Dsun.zip.disableMemoryMapping=true -Xmx512m -Xms100m /nix/store/q9712qvwdh22a4krw4jz2sjrz07mvjbl-jdt-language-server-1.9.0/share/java/plugins/org.eclipse.equinox.launcher_1.6.400.v20210924-0641.jar --add-modules=ALL-SYSTEM --add-opens java.base/java.util=ALL-UNNAMED --add-opens java.base/java.lang=ALL-UNNAMED -configuration /home/runner/Password-Generator-Java/.cache/jdt-language-server/config -data /home/runner/.cache/jdt-language-server/data/home/runner/Password-Generator-Java

Host: Intel(R) Xeon(R) CPU @ 2.20GHz, 8 cores, 1G, Ubuntu 20.04.2 LTS
Time: Sun Mar  3 21:43:39 2024 UTC elapsed time: 2613.895750 seconds (0d 0h 43m 33s)

---------------  T H R E A D  ---------------

Current thread (0x00007fd5440b2ec0):  JavaThread "C1 CompilerThread0" daemon [_thread_in_vm, id=6458, stack(0x00007fd52adb3000,0x00007fd52afb3000)]


Current CompileTask:
C1:2613897 16111       3       org.eclipse.jdt.ls.core.internal.ParentProcessWatcher::run (31 bytes)

Stack: [0x00007fd52adb3000,0x00007fd52afb3000],  sp=0x00007fd52afb1750,  free space=2041k
Native frames: (J=compiled Java code, j=interpreted, Vv=VM code, C=native code)
V  [libjvm.so+0x5ae07f]  CompileBroker::collect_statistics(CompilerThread*, elapsedTimer, CompileTask*)+0x71f
V  [libjvm.so+0x5afe97]  CompileBroker::invoke_compiler_on_method(CompileTask*)+0x5e7
V  [libjvm.so+0x5b12e8]  CompileBroker::compiler_thread_loop()+0x528
V  [libjvm.so+0xd82460]  JavaThread::thread_main_inner()+0xd0
V  [libjvm.so+0xd85a40]  Thread::call_run()+0xc0
V  [libjvm.so+0xbdb1e1]  thread_native_entry(Thread*)+0xe1


siginfo: si_signo: 7 (SIGBUS), si_code: 2 (BUS_ADRERR), si_addr: 0x00007fd54abdeb50

Register to memory mapping:

RAX=0x00007fd54abdeb50 points into unknown readable memory: 0x000000429282b566 | 66 b5 82 92 42 00 00 00
RBX=0x00007fd5441947e0 points into unknown readable memory: 0x00007fd544194880 | 80 48 19 44 d5 7f 00 00
RCX=0x00000000000ef80c is an unknown value
RDX=0x00007fd54abded5e points into unknown readable memory: 6f 72
RSP=0x00007fd52afb1750 is pointing into the stack for thread: 0x00007fd5440b2ec0
RBP=0x00007fd52afb17e0 is pointing into the stack for thread: 0x00007fd5440b2ec0
RSI=0x0000000000000018 is an unknown value
RDI=0x00007fd54abdede0 points into unknown readable memory: 0x0000000000000000 | 00 00 00 00 00 00 00 00
R8 =0x000000000000001f is an unknown value
R9 =0x0 is NULL
R10=0x0 is NULL
R11=0x0 is NULL
R12=0x00007fd5440b2e10 points into unknown readable memory: 0x696c63652f67726f | 6f 72 67 2f 65 63 6c 69
R13=0x00007fd52c0f1290 is at entry_point+-496 in (nmethod*)0x00007fd52c0f1290
Compiled method (c1) 16111       3       org.eclipse.jdt.ls.core.internal.ParentProcessWatcher::run (31 bytes)
 total in heap  [0x00007fd52c0f1290,0x00007fd52c0f19f8] = 1896
 relocation     [0x00007fd52c0f13f0,0x00007fd52c0f1480] = 144
 main code      [0x00007fd52c0f1480,0x00007fd52c0f17c0] = 832
 stub code      [0x00007fd52c0f17c0,0x00007fd52c0f1840] = 128
 oops           [0x00007fd52c0f1840,0x00007fd52c0f1848] = 8
 metadata       [0x00007fd52c0f1848,0x00007fd52c0f1860] = 24
 scopes data    [0x00007fd52c0f1860,0x00007fd52c0f18d0] = 112
 scopes pcs     [0x00007fd52c0f18d0,0x00007fd52c0f19a0] = 208
 dependencies   [0x00007fd52c0f19a0,0x00007fd52c0f19a8] = 8
 handler table  [0x00007fd52c0f19a8,0x00007fd52c0f19d8] = 48
 nul chk table  [0x00007fd52c0f19d8,0x00007fd52c0f19f8] = 32
R14=0x00007fd544023a10 points into unknown readable memory: 0x00007fd5440b2ec0 | c0 2e 0b 44 d5 7f 00 00
R15=0x00007fd54bfba210: <offset 0x00000000011ce210> in /nix/store/gpxl5qgg8kicmcvivwmybwjlpf7wh20l-graalvm17-ce-22.3.0/lib/server/libjvm.so at 0x00007fd54adec000


Registers:
RAX=0x00007fd54abdeb50, RBX=0x00007fd5441947e0, RCX=0x00000000000ef80c, RDX=0x00007fd54abded5e
RSP=0x00007fd52afb1750, RBP=0x00007fd52afb17e0, RSI=0x0000000000000018, RDI=0x00007fd54abdede0
R8 =0x000000000000001f, R9 =0x0000000000000000, R10=0x0000000000000000, R11=0x0000000000000000
R12=0x00007fd5440b2e10, R13=0x00007fd52c0f1290, R14=0x00007fd544023a10, R15=0x00007fd54bfba210
RIP=0x00007fd54b39a07f, EFLAGS=0x0000000000010246, CSGSFS=0x002b000000000033, ERR=0x0000000000000007
  TRAPNO=0x000000000000000e

Top of Stack: (sp=0x00007fd52afb1750)
0x00007fd52afb1750:   00007fd54bf004f0 00007fd52afb1908
0x00007fd52afb1760:   00007fd52afb1908 0000000000000000
0x00007fd52afb1770:   00007fd54b316ed0 ffffffff00000003
0x00007fd52afb1780:   00007fd4eebf5f40 00007fd5440b2ec0 

Instructions: (pc=0x00007fd54b39a07f)
0x00007fd54b399f7f:   01 00 00 48 3b 45 90 0f 85 94 01 00 00 49 63 85
0x00007fd54b399f8f:   fc 00 00 00 4c 01 e8 49 2b 45 20 41 01 47 5c e9
0x00007fd54b399f9f:   e8 fb ff ff 0f 1f 44 00 00 48 83 ec 08 ff 75 20
0x00007fd54b399faf:   48 8d 3d 8a 9c c5 00 ff 75 18 ff 75 10 e8 df 65
0x00007fd54b399fbf:   7e 00 48 8b 45 a0 48 83 c4 20 48 8b 40 08 0f b7
0x00007fd54b399fcf:   40 20 03 43 34 01 05 f6 9b c5 00 83 7d 8c 03 0f
0x00007fd54b399fdf:   87 9c fb ff ff 48 8b 45 20 48 63 4d 8c 48 83 ec
0x00007fd54b399fef:   08 48 8d 15 a9 9a c5 00 f3 0f 6f 75 10 48 89 55
0x00007fd54b399fff:   90 48 89 45 c0 4c 8d 3c c9 ff 75 c0 49 c1 e7 03
0x00007fd54b39a00f:   0f 11 75 b0 4a 8d 3c 3a ff 75 b8 ff 75 b0 48 89
0x00007fd54b39a01f:   4d 80 e8 7a 65 7e 00 48 8b 55 90 66 0f 6e 4d 88
0x00007fd54b39a02f:   be 01 00 00 00 66 0f 6e fe 4a 8d 44 3a 10 66 0f
0x00007fd54b39a03f:   62 cf e9 38 fe ff ff 41 80 3f 00 0f 84 9e fb ff
0x00007fd54b39a04f:   ff 48 8b 05 99 9c c5 00 48 8b 40 28 48 83 00 01
0x00007fd54b39a05f:   41 0f b6 07 83 05 76 9b c5 00 01 e9 d5 f9 ff ff
0x00007fd54b39a06f:   90 48 8b 05 a1 9c c5 00 48 8b 4d 10 48 8b 40 28
0x00007fd54b39a07f:   48 01 08 48 8b 05 57 9c c5 00 e9 f9 fc ff ff 66
0x00007fd54b39a08f:   90 48 8b 45 20 f3 0f 6f 75 10 48 83 ec 08 49 8d
0x00007fd54b39a09f:   7f 18 48 89 45 c0 0f 11 75 b0 ff 75 c0 ff 75 b8
0x00007fd54b39a0af:   ff 75 b0 e8 e9 64 7e 00 66 0f 6e 4d 88 b8 01 00
0x00007fd54b39a0bf:   00 00 f3 41 0f 7e 47 30 66 0f 6e f8 48 83 c4 20
0x00007fd54b39a0cf:   66 0f 62 cf 66 0f fe c1 66 41 0f d6 47 30 e9 89
0x00007fd54b39a0df:   fe ff ff 66 0f 1f 44 00 00 4c 89 ef ff d0 e9 dc
0x00007fd54b39a0ef:   fb ff ff 66 0f 1f 44 00 00 48 89 95 78 ff ff ff
0x00007fd54b39a0ff:   4c 89 ef 48 89 4d 80 ff d0 48 8b 95 78 ff ff ff
0x00007fd54b39a10f:   48 8b 4d 80 e9 c9 fd ff ff 0f 1f 84 00 00 00 00
0x00007fd54b39a11f:   00 4c 89 ef ff d0 e9 6c fe ff ff 66 0f 1f 44 00
0x00007fd54b39a12f:   00 55 66 0f ef c0 48 89 e5 41 57 41 56 41 55 49
0x00007fd54b39a13f:   89 fd 41 54 53 48 89 f3 48 83 ec 48 48 8d 05 c6
0x00007fd54b39a14f:   c8 c7 00 0f 29 45 a0 0f 29 45 b0 4c 8b 30 4d 85
0x00007fd54b39a15f:   f6 74 08 4c 89 f7 e8 c6 9d 5e 00 49 83 7d 08 00
0x00007fd54b39a16f:   4c 8d 3d 41 ed 8e 00 75 67 8b 05 ea f0 c1 00 83 


Stack slot to memory mapping:
stack at sp + 0 slots: 0x00007fd54bf004f0: <offset 0x00000000011144f0> in /nix/store/gpxl5qgg8kicmcvivwmybwjlpf7wh20l-graalvm17-ce-22.3.0/lib/server/libjvm.so at 0x00007fd54adec000
stack at sp + 1 slots: 0x00007fd52afb1908 is pointing into the stack for thread: 0x00007fd5440b2ec0
stack at sp + 2 slots: 0x00007fd52afb1908 is pointing into the stack for thread: 0x00007fd5440b2ec0
stack at sp + 3 slots: 0x0 is NULL
stack at sp + 4 slots: 0x00007fd54b316ed0: <offset 0x000000000052aed0> in /nix/store/gpxl5qgg8kicmcvivwmybwjlpf7wh20l-graalvm17-ce-22.3.0/lib/server/libjvm.so at 0x00007fd54adec000
stack at sp + 5 slots: 0xffffffff00000003 is an unknown value
stack at sp + 6 slots: {method} {0x00007fd4eebf5f40} 'run' '()V' in 'org/eclipse/jdt/ls/core/internal/ParentProcessWatcher'
stack at sp + 7 slots: 0x00007fd5440b2ec0 is a thread


---------------  P R O C E S S  ---------------

Threads class SMR info:
_java_thread_list=0x00007fd47c090b40, length=22, elements={
0x00007fd544025e50, 0x00007fd5440a5ca0, 0x00007fd5440a70e0, 0x00007fd5440ad820,
0x00007fd5440aebd0, 0x00007fd5440affc0, 0x00007fd5440b19b0, 0x00007fd5440b2ec0,
0x00007fd5440b4310, 0x00007fd5440ef750, 0x00007fd5441373c0, 0x00007fd54432dd50,
0x00007fd544375c30, 0x00007fd5443788c0, 0x00007fd4e002c070, 0x00007fd4e04043c0,
0x00007fd4e062c880, 0x00007fd4e079fdc0, 0x00007fd54438d890, 0x00007fd54441a080,
0x00007fd4c4002b30, 0x00007fd4b80bcf00
}

Java Threads: ( => current thread )
  0x00007fd544025e50 JavaThread "main" [_thread_blocked, id=6449, stack(0x00007fd54ac07000,0x00007fd54ad07000)]
  0x00007fd5440a5ca0 JavaThread "Reference Handler" daemon [_thread_blocked, id=6452, stack(0x00007fd548c1e000,0x00007fd548d1e000)]
  0x00007fd5440a70e0 JavaThread "Finalizer" daemon [_thread_blocked, id=6453, stack(0x00007fd548300000,0x00007fd548400000)]
  0x00007fd5440ad820 JavaThread "Signal Dispatcher" daemon [_thread_blocked, id=6454, stack(0x00007fd52b3b3000,0x00007fd52b4b3000)]
  0x00007fd5440aebd0 JavaThread "Service Thread" daemon [_thread_blocked, id=6455, stack(0x00007fd52b2b3000,0x00007fd52b3b3000)]
  0x00007fd5440affc0 JavaThread "Monitor Deflation Thread" daemon [_thread_blocked, id=6456, stack(0x00007fd52b1b3000,0x00007fd52b2b3000)]
  0x00007fd5440b19b0 JavaThread "JVMCI-native CompilerThread0" daemon [_thread_blocked, id=6457, stack(0x00007fd52afb3000,0x00007fd52b1b3000)]
=>0x00007fd5440b2ec0 JavaThread "C1 CompilerThread0" daemon [_thread_in_vm, id=6458, stack(0x00007fd52adb3000,0x00007fd52afb3000)]
  0x00007fd5440b4310 JavaThread "Sweeper thread" daemon [_thread_blocked, id=6459, stack(0x00007fd52acb3000,0x00007fd52adb3000)]
  0x00007fd5440ef750 JavaThread "Common-Cleaner" daemon [_thread_blocked, id=6461, stack(0x00007fd52abb3000,0x00007fd52acb3000)]
  0x00007fd5441373c0 JavaThread "Notification Thread" daemon [_thread_blocked, id=6462, stack(0x00007fd52aab3000,0x00007fd52abb3000)]
  0x00007fd54432dd50 JavaThread "Active Thread: Equinox Container: 83dd0e16-3472-4044-9daa-cceaee35a0f9" [_thread_blocked, id=6475, stack(0x00007fd528500000,0x00007fd528600000)]
  0x00007fd544375c30 JavaThread "Framework Event Dispatcher: Equinox Container: 83dd0e16-3472-4044-9daa-cceaee35a0f9" daemon [_thread_blocked, id=6479, stack(0x00007fd528300000,0x00007fd528400000)]
  0x00007fd5443788c0 JavaThread "Start Level: Equinox Container: 83dd0e16-3472-4044-9daa-cceaee35a0f9" daemon [_thread_blocked, id=6480, stack(0x00007fd528100000,0x00007fd528200000)]
  0x00007fd4e002c070 JavaThread "SCR Component Actor" daemon [_thread_blocked, id=6481, stack(0x00007fd4f2d00000,0x00007fd4f2e00000)]
  0x00007fd4e04043c0 JavaThread "Worker-JM" [_thread_blocked, id=6489, stack(0x00007fd4f2900000,0x00007fd4f2a00000)]
  0x00007fd4e062c880 JavaThread "Java indexing" daemon [_thread_blocked, id=6499, stack(0x00007fd4f2100000,0x00007fd4f2200000)]
  0x00007fd4e079fdc0 JavaThread "Bundle File Closer" daemon [_thread_blocked, id=6504, stack(0x00007fd4f1f00000,0x00007fd4f2000000)]
  0x00007fd54438d890 JavaThread "pool-3-thread-1" [_thread_blocked, id=6543, stack(0x00007fd4f2b00000,0x00007fd4f2c00000)]
  0x00007fd54441a080 JavaThread "pool-2-thread-1" [_thread_in_native, id=6563, stack(0x00007fd4f1d00000,0x00007fd4f1e00000)]
  0x00007fd4c4002b30 JavaThread "Worker-3" [_thread_blocked, id=6569, stack(0x00007fd4f1b00000,0x00007fd4f1c00000)]
  0x00007fd4b80bcf00 JavaThread "Worker-11" [_thread_blocked, id=11279, stack(0x00007fd4f2700000,0x00007fd4f2800000)]

Other Threads:
  0x00007fd5440a13e0 VMThread "VM Thread" [stack: 0x00007fd548d20000,0x00007fd548e20000] [id=6451]
  0x00007fd544138d60 WatcherThread [stack: 0x00007fd52a9b3000,0x00007fd52aab3000] [id=6463]
  0x00007fd54403d750 GCTaskThread "GC Thread#0" [stack: 0x00007fd54a7ca000,0x00007fd54a8ca000] [id=6450]

Threads with active compile tasks:
C1 CompilerThread0  2614016 16111       3       org.eclipse.jdt.ls.core.internal.ParentProcessWatcher::run (31 bytes)

VM state: not at safepoint (normal execution)

VM Mutex/Monitor currently owned by a thread:  ([mutex/lock_event])
[0x00007fd544023a10] CompileStatistics_lock - owner thread: 0x00007fd5440b2ec0

Heap address: 0x00000000e0000000, size: 512 MB, Compressed Oops mode: 32-bit

CDS archive(s) mapped at: [0x0000000800000000-0x0000000800bc8000-0x0000000800bc8000), size 12353536, SharedBaseAddress: 0x0000000800000000, ArchiveRelocationMode: 0.
Compressed class space mapped at: 0x0000000800c00000-0x0000000840c00000, reserved size: 1073741824
Narrow klass base: 0x0000000800000000, Narrow klass shift: 0, Narrow klass range: 0x100000000

GC Precious Log:
 CPUs: 8 total, 1 available
 Memory: 1024M
 Large Page Support: Disabled
 NUMA Support: Disabled
 Compressed Oops: Enabled (32-bit)
 Alignments: Space 512K, Generation 512K, Heap 2M
 Heap Min Capacity: 100M
 Heap Initial Capacity: 100M
 Heap Max Capacity: 512M
 Pre-touch: Disabled
 Parallel Workers: 1

Heap:
 PSYoungGen      total 9216K, used 3820K [0x00000000f5580000, 0x00000000f6780000, 0x0000000100000000)
  eden space 7680K, 29% used [0x00000000f5580000,0x00000000f57bf780,0x00000000f5d00000)
  from space 1536K, 98% used [0x00000000f5d00000,0x00000000f5e7ba30,0x00000000f5e80000)
  to   space 4608K, 0% used [0x00000000f6300000,0x00000000f6300000,0x00000000f6780000)
 ParOldGen       total 118272K, used 87079K [0x00000000e0000000, 0x00000000e7380000, 0x00000000f5580000)
  object space 118272K, 73% used [0x00000000e0000000,0x00000000e5509d70,0x00000000e7380000)
 Metaspace       used 67025K, committed 67968K, reserved 1114112K
  class space    used 5976K, committed 6336K, reserved 1048576K

Card table byte_map: [0x00007fd54a8ca000,0x00007fd54a9cb000] _byte_map_base: 0x00007fd54a1ca000

Marking Bits: (ParMarkBitMap*) 0x00007fd54c01a4c0
 Begin Bits: [0x00007fd54971d000, 0x00007fd549f1d000)
 End Bits:   [0x00007fd549f1d000, 0x00007fd54a71d000)

Polling page: 0x00007fd54abe4000

Metaspace:

Usage:
  Non-class:     59.62 MB used.
      Class:      5.84 MB used.
       Both:     65.46 MB used.

Virtual space:
  Non-class space:       64.00 MB reserved,      60.19 MB ( 94%) committed,  8 nodes.
      Class space:        1.00 GB reserved,       6.19 MB ( <1%) committed,  1 nodes.
             Both:        1.06 GB reserved,      66.38 MB (  6%) committed. 

Chunk freelists:
   Non-Class:  3.87 MB
       Class:  1.64 MB
        Both:  5.51 MB

MaxMetaspaceSize: unlimited
CompressedClassSpaceSize: 1.00 GB
Initial GC threshold: 21.00 MB
Current GC threshold: 110.31 MB
CDS: on
MetaspaceReclaimPolicy: balanced
 - commit_granule_bytes: 65536.
 - commit_granule_words: 8192.
 - virtual_space_node_default_size: 1048576.
 - enlarge_chunks_in_place: 1.
 - new_chunks_are_fully_committed: 0.
 - uncommit_free_chunks: 1.
 - use_allocation_guard: 0.
 - handle_deallocations: 1.


Internal statistics:

num_allocs_failed_limit: 6.
num_arena_births: 604.
num_arena_deaths: 132.
num_vsnodes_births: 9.
num_vsnodes_deaths: 0.
num_space_committed: 1060.
num_space_uncommitted: 0.
num_chunks_returned_to_freelist: 185.
num_chunks_taken_from_freelist: 3548.
num_chunk_merges: 77.
num_chunk_splits: 2213.
num_chunks_enlarged: 1277.
num_purges: 6.
num_inconsistent_stats: 0.

CodeHeap 'non-profiled nmethods': size=120036Kb used=5288Kb max_used=5401Kb free=114747Kb
 bounds [0x00007fd532f7a000, 0x00007fd5334ca000, 0x00007fd53a4b3000]
CodeHeap 'profiled nmethods': size=120032Kb used=25231Kb max_used=27293Kb free=94800Kb
 bounds [0x00007fd52ba42000, 0x00007fd52d4f2000, 0x00007fd532f7a000]
CodeHeap 'non-nmethods': size=5692Kb used=1549Kb max_used=1552Kb free=4142Kb
 bounds [0x00007fd52b4b3000, 0x00007fd52b723000, 0x00007fd52ba42000]
 total_blobs=11681 nmethods=10771 adapters=597
 compilation: enabled
              stopped_count=0, restarted_count=0
 full_count=0

JVMCI Events (20 events):
Event: 1031.943 Thread 0x00007fd5440b19b0 detaching from JVMCI runtime 0: releasing idle compiler thread (0 other threads still attached)
Event: 1031.943 Thread 0x00007fd5440b19b0 shutting down HotSpotJVMCIRuntime for JVMCI runtime 0
Event: 1031.943 Thread 0x00007fd5440b19b0 shut down JVMCI runtime 0
Event: 1031.945 Thread 0x00007fd5440b19b0 destroyed JavaVM[33]@0x00007fd4a9f9e340 for JVMCI runtime 0
Event: 1031.945 Thread 0x00007fd5440b19b0 compacted oop handles in JVMCI runtime 0 from 80 to 80
Event: 1031.945 Thread 0x00007fd5440b19b0 releasing handles for JVMCI runtime 0: oop handles=80, metadata handles={total=160, live=137, blocks=63}
Event: 1031.945 Thread 0x00007fd5440b19b0 detached from JVMCI runtime 0
Event: 1111.870 Thread 0x00007fd5440b19b0 attached to JVMCI runtime 0
Event: 1111.872 Thread 0x00007fd5440b19b0 created JavaVM[34]@0x00007fd4a9f9e340 for JVMCI runtime 0
Event: 1111.872 Thread 0x00007fd5440b19b0 initializing JVMCI runtime 0
Event: 1111.872 Thread 0x00007fd5440b19b0 done waiting for JavaVM references initialization in JVMCI runtime 0
Event: 1111.883 Thread 0x00007fd5440b19b0 initialized JVMCI runtime 0
Event: 1111.931 Thread 0x00007fd5440b19b0 compacted oop handles in JVMCI runtime 0 from 53 to 51
Event: 1112.934 Thread 0x00007fd5440b19b0 detaching from JVMCI runtime 0: releasing idle compiler thread (0 other threads still attached)
Event: 1112.934 Thread 0x00007fd5440b19b0 shutting down HotSpotJVMCIRuntime for JVMCI runtime 0
Event: 1112.935 Thread 0x00007fd5440b19b0 shut down JVMCI runtime 0
Event: 1112.936 Thread 0x00007fd5440b19b0 destroyed JavaVM[34]@0x00007fd4a9f9e340 for JVMCI runtime 0
Event: 1112.936 Thread 0x00007fd5440b19b0 compacted oop handles in JVMCI runtime 0 from 51 to 51
Event: 1112.936 Thread 0x00007fd5440b19b0 releasing handles for JVMCI runtime 0: oop handles=51, metadata handles={total=96, live=85, blocks=63}
Event: 1112.936 Thread 0x00007fd5440b19b0 detached from JVMCI runtime 0

Compilation events (20 events):
Event: 1773.718 Thread 0x00007fd5440b2ec0 16102       3       java.util.concurrent.ThreadPoolExecutor::afterExecute (1 bytes)
Event: 1773.718 Thread 0x00007fd5440b2ec0 nmethod 16102 0x00007fd52bca9890 code [0x00007fd52bca9a20, 0x00007fd52bca9b30]
Event: 1893.864 Thread 0x00007fd5440b2ec0 16103       3       jdk.internal.misc.Unsafe::getAndBitwiseAndInt (27 bytes)
Event: 1893.864 Thread 0x00007fd5440b2ec0 nmethod 16103 0x00007fd52c46f790 code [0x00007fd52c46f940, 0x00007fd52c46fb80]
Event: 1913.868 Thread 0x00007fd5440b2ec0 16104       3       java.util.concurrent.locks.AbstractQueuedSynchronizer$Node::getAndUnsetStatus (14 bytes)
Event: 1913.869 Thread 0x00007fd5440b2ec0 nmethod 16104 0x00007fd52bea1910 code [0x00007fd52bea1ac0, 0x00007fd52bea1d80]
Event: 1913.869 Thread 0x00007fd5440b2ec0 16105       3       java.util.concurrent.ScheduledThreadPoolExecutor::triggerTime (22 bytes)
Event: 1913.869 Thread 0x00007fd5440b2ec0 nmethod 16105 0x00007fd52bcbf310 code [0x00007fd52bcbf4c0, 0x00007fd52bcbf6a0]
Event: 1923.720 Thread 0x00007fd5440b2ec0 16106       3       java.util.concurrent.Executors$RunnableAdapter::call (14 bytes)
Event: 1923.721 Thread 0x00007fd5440b2ec0 nmethod 16106 0x00007fd52c1bfd10 code [0x00007fd52c1bfec0, 0x00007fd52c1c0200]
Event: 1923.721 Thread 0x00007fd5440b2ec0 16107       3       java.util.concurrent.locks.AbstractQueuedSynchronizer$ConditionObject::awaitNanos (200 bytes)
Event: 1923.722 Thread 0x00007fd5440b2ec0 nmethod 16107 0x00007fd52caeb710 code [0x00007fd52caeba00, 0x00007fd52caecba0]
Event: 1923.868 Thread 0x00007fd5440b2ec0 16108       3       java.util.concurrent.ScheduledThreadPoolExecutor$DelayedWorkQueue::finishPoll (43 bytes)
Event: 1923.868 Thread 0x00007fd5440b2ec0 nmethod 16108 0x00007fd52bd1a210 code [0x00007fd52bd1a3e0, 0x00007fd52bd1ada0]
Event: 1923.869 Thread 0x00007fd5440b2ec0 16109       3       java.util.concurrent.ScheduledThreadPoolExecutor$ScheduledFutureTask::run (57 bytes)
Event: 1923.869 Thread 0x00007fd5440b2ec0 nmethod 16109 0x00007fd52bca3a90 code [0x00007fd52bca3ca0, 0x00007fd52bca4130]
Event: 1953.721 Thread 0x00007fd5440b2ec0 16110       3       java.util.concurrent.locks.AbstractQueuedSynchronizer$Node::clearStatus (12 bytes)
Event: 1953.721 Thread 0x00007fd5440b2ec0 nmethod 16110 0x00007fd52c5c8e10 code [0x00007fd52c5c8fc0, 0x00007fd52c5c9120]
Event: 2573.913 Thread 0x00007fd5440b2ec0 16111       3       org.eclipse.jdt.ls.core.internal.ParentProcessWatcher::run (31 bytes)
Event: 2573.914 Thread 0x00007fd5440b2ec0 nmethod 16111 0x00007fd52c0f1290 code [0x00007fd52c0f1480, 0x00007fd52c0f1840]

GC Heap History (20 events):
Event: 817.883 GC heap before
{Heap before GC invocations=370 (full 24):
 PSYoungGen      total 3584K, used 3367K [0x00000000f5580000, 0x00000000f5a80000, 0x0000000100000000)
  eden space 2560K, 100% used [0x00000000f5580000,0x00000000f5800000,0x00000000f5800000)
  from space 1024K, 78% used [0x00000000f5800000,0x00000000f58c9ec8,0x00000000f5900000)
  to   space 1024K, 0% used [0x00000000f5980000,0x00000000f5980000,0x00000000f5a80000)
 ParOldGen       total 113152K, used 105850K [0x00000000e0000000, 0x00000000e6e80000, 0x00000000f5580000)
  object space 113152K, 93% used [0x00000000e0000000,0x00000000e675ebc0,0x00000000e6e80000)
 Metaspace       used 66928K, committed 67840K, reserved 1114112K
  class space    used 5975K, committed 6336K, reserved 1048576K
}
Event: 817.921 GC heap after
{Heap after GC invocations=370 (full 24):
 PSYoungGen      total 4096K, used 664K [0x00000000f5580000, 0x00000000f5a80000, 0x0000000100000000)
  eden space 3072K, 0% used [0x00000000f5580000,0x00000000f5580000,0x00000000f5880000)
  from space 1024K, 64% used [0x00000000f5980000,0x00000000f5a26188,0x00000000f5a80000)
  to   space 1024K, 0% used [0x00000000f5880000,0x00000000f5880000,0x00000000f5980000)
 ParOldGen       total 113152K, used 106648K [0x00000000e0000000, 0x00000000e6e80000, 0x00000000f5580000)
  object space 113152K, 94% used [0x00000000e0000000,0x00000000e6826248,0x00000000e6e80000)
 Metaspace       used 66928K, committed 67840K, reserved 1114112K
  class space    used 5975K, committed 6336K, reserved 1048576K
}
Event: 817.939 GC heap before
{Heap before GC invocations=371 (full 24):
 PSYoungGen      total 4096K, used 3736K [0x00000000f5580000, 0x00000000f5a80000, 0x0000000100000000)
  eden space 3072K, 100% used [0x00000000f5580000,0x00000000f5880000,0x00000000f5880000)
  from space 1024K, 64% used [0x00000000f5980000,0x00000000f5a26188,0x00000000f5a80000)
  to   space 1024K, 0% used [0x00000000f5880000,0x00000000f5880000,0x00000000f5980000)
 ParOldGen       total 113152K, used 106648K [0x00000000e0000000, 0x00000000e6e80000, 0x00000000f5580000)
  object space 113152K, 94% used [0x00000000e0000000,0x00000000e6826248,0x00000000e6e80000)
 Metaspace       used 66928K, committed 67840K, reserved 1114112K
  class space    used 5975K, committed 6336K, reserved 1048576K
}
Event: 817.990 GC heap after
{Heap after GC invocations=371 (full 24):
 PSYoungGen      total 4096K, used 1002K [0x00000000f5580000, 0x00000000f5f80000, 0x0000000100000000)
  eden space 3072K, 0% used [0x00000000f5580000,0x00000000f5580000,0x00000000f5880000)
  from space 1024K, 97% used [0x00000000f5880000,0x00000000f597a8c8,0x00000000f5980000)
  to   space 3072K, 0% used [0x00000000f5c80000,0x00000000f5c80000,0x00000000f5f80000)
 ParOldGen       total 113152K, used 108210K [0x00000000e0000000, 0x00000000e6e80000, 0x00000000f5580000)
  object space 113152K, 95% used [0x00000000e0000000,0x00000000e69ac830,0x00000000e6e80000)
 Metaspace       used 66928K, committed 67840K, reserved 1114112K
  class space    used 5975K, committed 6336K, reserved 1048576K
}
Event: 818.021 GC heap before
{Heap before GC invocations=372 (full 24):
 PSYoungGen      total 4096K, used 4074K [0x00000000f5580000, 0x00000000f5f80000, 0x0000000100000000)
  eden space 3072K, 100% used [0x00000000f5580000,0x00000000f5880000,0x00000000f5880000)
  from space 1024K, 97% used [0x00000000f5880000,0x00000000f597a8c8,0x00000000f5980000)
  to   space 3072K, 0% used [0x00000000f5c80000,0x00000000f5c80000,0x00000000f5f80000)
 ParOldGen       total 113152K, used 108210K [0x00000000e0000000, 0x00000000e6e80000, 0x00000000f5580000)
  object space 113152K, 95% used [0x00000000e0000000,0x00000000e69ac830,0x00000000e6e80000)
 Metaspace       used 66935K, committed 67840K, reserved 1114112K
  class space    used 5975K, committed 6336K, reserved 1048576K
}
Event: 818.089 GC heap after
{Heap after GC invocations=372 (full 24):
 PSYoungGen      total 6144K, used 1874K [0x00000000f5580000, 0x00000000f5e80000, 0x0000000100000000)
  eden space 4096K, 0% used [0x00000000f5580000,0x00000000f5580000,0x00000000f5980000)
  from space 2048K, 91% used [0x00000000f5c80000,0x00000000f5e548c8,0x00000000f5e80000)
  to   space 2560K, 0% used [0x00000000f5980000,0x00000000f5980000,0x00000000f5c00000)
 ParOldGen       total 113152K, used 109218K [0x00000000e0000000, 0x00000000e6e80000, 0x00000000f5580000)
  object space 113152K, 96% used [0x00000000e0000000,0x00000000e6aa8a10,0x00000000e6e80000)
 Metaspace       used 66935K, committed 67840K, reserved 1114112K
  class space    used 5975K, committed 6336K, reserved 1048576K
}
Event: 818.124 GC heap before
{Heap before GC invocations=373 (full 24):
 PSYoungGen      total 6144K, used 5970K [0x00000000f5580000, 0x00000000f5e80000, 0x0000000100000000)
  eden space 4096K, 100% used [0x00000000f5580000,0x00000000f5980000,0x00000000f5980000)
  from space 2048K, 91% used [0x00000000f5c80000,0x00000000f5e548c8,0x00000000f5e80000)
  to   space 2560K, 0% used [0x00000000f5980000,0x00000000f5980000,0x00000000f5c00000)
 ParOldGen       total 113152K, used 109218K [0x00000000e0000000, 0x00000000e6e80000, 0x00000000f5580000)
  object space 113152K, 96% used [0x00000000e0000000,0x00000000e6aa8a10,0x00000000e6e80000)
 Metaspace       used 66936K, committed 67840K, reserved 1114112K
  class space    used 5975K, committed 6336K, reserved 1048576K
}
Event: 818.146 GC heap after
{Heap after GC invocations=373 (full 24):
 PSYoungGen      total 6656K, used 2008K [0x00000000f5580000, 0x00000000f5e80000, 0x0000000100000000)
  eden space 4096K, 0% used [0x00000000f5580000,0x00000000f5580000,0x00000000f5980000)
  from space 2560K, 78% used [0x00000000f5980000,0x00000000f5b76268,0x00000000f5c00000)
  to   space 2048K, 0% used [0x00000000f5c80000,0x00000000f5c80000,0x00000000f5e80000)
 ParOldGen       total 113152K, used 110708K [0x00000000e0000000, 0x00000000e6e80000, 0x00000000f5580000)
  object space 113152K, 97% used [0x00000000e0000000,0x00000000e6c1d278,0x00000000e6e80000)
 Metaspace       used 66936K, committed 67840K, reserved 1114112K
  class space    used 5975K, committed 6336K, reserved 1048576K
}
Event: 818.221 GC heap before
{Heap before GC invocations=374 (full 24):
 PSYoungGen      total 6656K, used 6104K [0x00000000f5580000, 0x00000000f5e80000, 0x0000000100000000)
  eden space 4096K, 100% used [0x00000000f5580000,0x00000000f5980000,0x00000000f5980000)
  from space 2560K, 78% used [0x00000000f5980000,0x00000000f5b76268,0x00000000f5c00000)
  to   space 2048K, 0% used [0x00000000f5c80000,0x00000000f5c80000,0x00000000f5e80000)
 ParOldGen       total 113152K, used 110708K [0x00000000e0000000, 0x00000000e6e80000, 0x00000000f5580000)
  object space 113152K, 97% used [0x00000000e0000000,0x00000000e6c1d278,0x00000000e6e80000)
 Metaspace       used 66936K, committed 67840K, reserved 1114112K
  class space    used 5975K, committed 6336K, reserved 1048576K
}
Event: 818.239 GC heap after
{Heap after GC invocations=374 (full 24):
 PSYoungGen      total 7168K, used 1472K [0x00000000f5580000, 0x00000000f5e80000, 0x0000000100000000)
  eden space 5120K, 0% used [0x00000000f5580000,0x00000000f5580000,0x00000000f5a80000)
  from space 2048K, 71% used [0x00000000f5c80000,0x00000000f5df03c8,0x00000000f5e80000)
  to   space 2048K, 0% used [0x00000000f5a80000,0x00000000f5a80000,0x00000000f5c80000)
 ParOldGen       total 113152K, used 112532K [0x00000000e0000000, 0x00000000e6e80000, 0x00000000f5580000)
  object space 113152K, 99% used [0x00000000e0000000,0x00000000e6de52f8,0x00000000e6e80000)
 Metaspace       used 66936K, committed 67840K, reserved 1114112K
  class space    used 5975K, committed 6336K, reserved 1048576K
}
Event: 818.239 GC heap before
{Heap before GC invocations=375 (full 25):
 PSYoungGen      total 7168K, used 1472K [0x00000000f5580000, 0x00000000f5e80000, 0x0000000100000000)
  eden space 5120K, 0% used [0x00000000f5580000,0x00000000f5580000,0x00000000f5a80000)
  from space 2048K, 71% used [0x00000000f5c80000,0x00000000f5df03c8,0x00000000f5e80000)
  to   space 2048K, 0% used [0x00000000f5a80000,0x00000000f5a80000,0x00000000f5c80000)
 ParOldGen       total 113152K, used 112532K [0x00000000e0000000, 0x00000000e6e80000, 0x00000000f5580000)
  object space 113152K, 99% used [0x00000000e0000000,0x00000000e6de52f8,0x00000000e6e80000)
 Metaspace       used 66936K, committed 67840K, reserved 1114112K
  class space    used 5975K, committed 6336K, reserved 1048576K
}
Event: 818.928 GC heap after
{Heap after GC invocations=375 (full 25):
 PSYoungGen      total 7168K, used 0K [0x00000000f5580000, 0x00000000f5f80000, 0x0000000100000000)
  eden space 5120K, 0% used [0x00000000f5580000,0x00000000f5580000,0x00000000f5a80000)
  from space 2048K, 0% used [0x00000000f5a80000,0x00000000f5a80000,0x00000000f5c80000)
  to   space 2048K, 0% used [0x00000000f5d80000,0x00000000f5d80000,0x00000000f5f80000)
 ParOldGen       total 118272K, used 82574K [0x00000000e0000000, 0x00000000e7380000, 0x00000000f5580000)
  object space 118272K, 69% used [0x00000000e0000000,0x00000000e50a3a50,0x00000000e7380000)
 Metaspace       used 66936K, committed 67840K, reserved 1114112K
  class space    used 5975K, committed 6336K, reserved 1048576K
}
Event: 819.023 GC heap before
{Heap before GC invocations=376 (full 25):
 PSYoungGen      total 7168K, used 5120K [0x00000000f5580000, 0x00000000f5f80000, 0x0000000100000000)
  eden space 5120K, 100% used [0x00000000f5580000,0x00000000f5a80000,0x00000000f5a80000)
  from space 2048K, 0% used [0x00000000f5a80000,0x00000000f5a80000,0x00000000f5c80000)
  to   space 2048K, 0% used [0x00000000f5d80000,0x00000000f5d80000,0x00000000f5f80000)
 ParOldGen       total 118272K, used 82574K [0x00000000e0000000, 0x00000000e7380000, 0x00000000f5580000)
  object space 118272K, 69% used [0x00000000e0000000,0x00000000e50a3a50,0x00000000e7380000)
 Metaspace       used 66936K, committed 67840K, reserved 1114112K
  class space    used 5975K, committed 6336K, reserved 1048576K
}
Event: 819.084 GC heap after
{Heap after GC invocations=376 (full 25):
 PSYoungGen      total 8192K, used 1785K [0x00000000f5580000, 0x00000000f5f80000, 0x0000000100000000)
  eden space 6144K, 0% used [0x00000000f5580000,0x00000000f5580000,0x00000000f5b80000)
  from space 2048K, 87% used [0x00000000f5d80000,0x00000000f5f3e648,0x00000000f5f80000)
  to   space 2048K, 0% used [0x00000000f5b80000,0x00000000f5b80000,0x00000000f5d80000)
 ParOldGen       total 118272K, used 82574K [0x00000000e0000000, 0x00000000e7380000, 0x00000000f5580000)
  object space 118272K, 69% used [0x00000000e0000000,0x00000000e50a3a50,0x00000000e7380000)
 Metaspace       used 66936K, committed 67840K, reserved 1114112K
  class space    used 5975K, committed 6336K, reserved 1048576K
}
Event: 820.013 GC heap before
{Heap before GC invocations=377 (full 25):
 PSYoungGen      total 8192K, used 7929K [0x00000000f5580000, 0x00000000f5f80000, 0x0000000100000000)
  eden space 6144K, 99% used [0x00000000f5580000,0x00000000f5b7fff0,0x00000000f5b80000)
  from space 2048K, 87% used [0x00000000f5d80000,0x00000000f5f3e648,0x00000000f5f80000)
  to   space 2048K, 0% used [0x00000000f5b80000,0x00000000f5b80000,0x00000000f5d80000)
 ParOldGen       total 118272K, used 82574K [0x00000000e0000000, 0x00000000e7380000, 0x00000000f5580000)
  object space 118272K, 69% used [0x00000000e0000000,0x00000000e50a3a50,0x00000000e7380000)
 Metaspace       used 66940K, committed 67840K, reserved 1114112K
  class space    used 5975K, committed 6336K, reserved 1048576K
}
Event: 820.026 GC heap after
{Heap after GC invocations=377 (full 25):
 PSYoungGen      total 8192K, used 1128K [0x00000000f5580000, 0x00000000f6000000, 0x0000000100000000)
  eden space 6144K, 0% used [0x00000000f5580000,0x00000000f5580000,0x00000000f5b80000)
  from space 2048K, 55% used [0x00000000f5b80000,0x00000000f5c9a310,0x00000000f5d80000)
  to   space 1536K, 0% used [0x00000000f5e80000,0x00000000f5e80000,0x00000000f6000000)
 ParOldGen       total 118272K, used 84323K [0x00000000e0000000, 0x00000000e7380000, 0x00000000f5580000)
  object space 118272K, 71% used [0x00000000e0000000,0x00000000e5258d60,0x00000000e7380000)
 Metaspace       used 66940K, committed 67840K, reserved 1114112K
  class space    used 5975K, committed 6336K, reserved 1048576K
}
Event: 1030.764 GC heap before
{Heap before GC invocations=378 (full 25):
 PSYoungGen      total 8192K, used 7272K [0x00000000f5580000, 0x00000000f6000000, 0x0000000100000000)
  eden space 6144K, 100% used [0x00000000f5580000,0x00000000f5b80000,0x00000000f5b80000)
  from space 2048K, 55% used [0x00000000f5b80000,0x00000000f5c9a310,0x00000000f5d80000)
  to   space 1536K, 0% used [0x00000000f5e80000,0x00000000f5e80000,0x00000000f6000000)
 ParOldGen       total 118272K, used 84323K [0x00000000e0000000, 0x00000000e7380000, 0x00000000f5580000)
  object space 118272K, 71% used [0x00000000e0000000,0x00000000e5258d60,0x00000000e7380000)
 Metaspace       used 66968K, committed 67840K, reserved 1114112K
  class space    used 5975K, committed 6336K, reserved 1048576K
}
Event: 1030.778 GC heap after
{Heap after GC invocations=378 (full 25):
 PSYoungGen      total 9216K, used 1245K [0x00000000f5580000, 0x00000000f6000000, 0x0000000100000000)
  eden space 7680K, 0% used [0x00000000f5580000,0x00000000f5580000,0x00000000f5d00000)
  from space 1536K, 81% used [0x00000000f5e80000,0x00000000f5fb7460,0x00000000f6000000)
  to   space 1536K, 0% used [0x00000000f5d00000,0x00000000f5d00000,0x00000000f5e80000)
 ParOldGen       total 118272K, used 84889K [0x00000000e0000000, 0x00000000e7380000, 0x00000000f5580000)
  object space 118272K, 71% used [0x00000000e0000000,0x00000000e52e6580,0x00000000e7380000)
 Metaspace       used 66968K, committed 67840K, reserved 1114112K
  class space    used 5975K, committed 6336K, reserved 1048576K
}
Event: 1030.838 GC heap before
{Heap before GC invocations=379 (full 25):
 PSYoungGen      total 9216K, used 8925K [0x00000000f5580000, 0x00000000f6000000, 0x0000000100000000)
  eden space 7680K, 100% used [0x00000000f5580000,0x00000000f5d00000,0x00000000f5d00000)
  from space 1536K, 81% used [0x00000000f5e80000,0x00000000f5fb7460,0x00000000f6000000)
  to   space 1536K, 0% used [0x00000000f5d00000,0x00000000f5d00000,0x00000000f5e80000)
 ParOldGen       total 118272K, used 84889K [0x00000000e0000000, 0x00000000e7380000, 0x00000000f5580000)
  object space 118272K, 71% used [0x00000000e0000000,0x00000000e52e6580,0x00000000e7380000)
 Metaspace       used 66968K, committed 67840K, reserved 1114112K
  class space    used 5975K, committed 6336K, reserved 1048576K
}
Event: 1030.882 GC heap after
{Heap after GC invocations=379 (full 25):
 PSYoungGen      total 9216K, used 1518K [0x00000000f5580000, 0x00000000f6780000, 0x0000000100000000)
  eden space 7680K, 0% used [0x00000000f5580000,0x00000000f5580000,0x00000000f5d00000)
  from space 1536K, 98% used [0x00000000f5d00000,0x00000000f5e7ba30,0x00000000f5e80000)
  to   space 4608K, 0% used [0x00000000f6300000,0x00000000f6300000,0x00000000f6780000)
 ParOldGen       total 118272K, used 87079K [0x00000000e0000000, 0x00000000e7380000, 0x00000000f5580000)
  object space 118272K, 73% used [0x00000000e0000000,0x00000000e5509d70,0x00000000e7380000)
 Metaspace       used 66968K, committed 67840K, reserved 1114112K
  class space    used 5975K, committed 6336K, reserved 1048576K
}

Dll operation events (8 events):
Event: 0.003 Loaded shared library /nix/store/gpxl5qgg8kicmcvivwmybwjlpf7wh20l-graalvm17-ce-22.3.0/lib/libjava.so
Event: 0.012 Loaded shared library /nix/store/gpxl5qgg8kicmcvivwmybwjlpf7wh20l-graalvm17-ce-22.3.0/lib/libjsvml.so
Event: 0.302 Loaded shared library /nix/store/gpxl5qgg8kicmcvivwmybwjlpf7wh20l-graalvm17-ce-22.3.0/lib/libnio.so
Event: 0.314 Loaded shared library /nix/store/gpxl5qgg8kicmcvivwmybwjlpf7wh20l-graalvm17-ce-22.3.0/lib/libzip.so
Event: 0.321 Loaded shared library /nix/store/gpxl5qgg8kicmcvivwmybwjlpf7wh20l-graalvm17-ce-22.3.0/lib/libjvmcicompiler.so
Event: 0.722 Loaded shared library /nix/store/gpxl5qgg8kicmcvivwmybwjlpf7wh20l-graalvm17-ce-22.3.0/lib/libjimage.so
Event: 2.703 Loaded shared library /nix/store/gpxl5qgg8kicmcvivwmybwjlpf7wh20l-graalvm17-ce-22.3.0/lib/libnet.so
Event: 4.295 Loaded shared library /home/runner/Password-Generator-Java/.cache/jdt-language-server/config/org.eclipse.equinox.launcher/org.eclipse.equinox.launcher.gtk.linux.x86_64_1.2.400.v20211117-0650/eclipse_11600.so

Deoptimization events (20 events):
Event: 813.028 Thread 0x00007fd4b4152cb0 DEOPT PACKING pc=0x00007fd53316a4d5 sp=0x00007fd4f0bfd4e0
Event: 813.028 Thread 0x00007fd4b4152cb0 DEOPT UNPACKING pc=0x00007fd52b505325 sp=0x00007fd4f0bfc970 mode 3
Event: 813.929 Thread 0x00007fd4b414f310 Uncommon trap: trap_request=0xfffffff5 fr.pc=0x00007fd533488053 relative=0x0000000000000053
Event: 813.929 Thread 0x00007fd4b414f310 Uncommon trap: reason=null_check action=reinterpret pc=0x00007fd533488053 method=java.lang.ThreadLocal$ThreadLocalMap.getEntryAfterMiss(Ljava/lang/ThreadLocal;ILjava/lang/ThreadLocal$ThreadLocalMap$Entry;)Ljava/lang/ThreadLocal$ThreadLocalMap$Entry; @ 0 j
Event: 813.929 Thread 0x00007fd4b414f310 DEOPT PACKING pc=0x00007fd533488053 sp=0x00007fd4f27fcbf0
Event: 813.929 Thread 0x00007fd4b414f310 DEOPT UNPACKING pc=0x00007fd52b505325 sp=0x00007fd4f27fc068 mode 3
Event: 815.922 Thread 0x00007fd4c41e2fc0 DEOPT PACKING pc=0x00007fd52c648863 sp=0x00007fd4f0dfd400
Event: 815.922 Thread 0x00007fd4c41e2fc0 DEOPT UNPACKING pc=0x00007fd52b505325 sp=0x00007fd4f0dfc8a8 mode 0
Event: 817.426 Thread 0x00007fd4b414f310 Uncommon trap: trap_request=0xffffffed fr.pc=0x00007fd5332e77f5 relative=0x00000000000009d5
Event: 817.426 Thread 0x00007fd4b414f310 Uncommon trap: reason=null_assert_or_unreached0 action=reinterpret pc=0x00007fd5332e77f5 method=java.util.HashMap.putVal(ILjava/lang/Object;Ljava/lang/Object;ZZ)Ljava/lang/Object; @ 155 jvmci
Event: 817.426 Thread 0x00007fd4b414f310 DEOPT PACKING pc=0x00007fd5332e77f5 sp=0x00007fd4f0bfd6f0
Event: 817.426 Thread 0x00007fd4b414f310 DEOPT UNPACKING pc=0x00007fd52b505325 sp=0x00007fd4f0bfcb80 mode 3
Event: 820.824 Thread 0x00007fd49c0299b0 DEOPT PACKING pc=0x00007fd52c03363f sp=0x00007fd4f0bfda20
Event: 820.824 Thread 0x00007fd49c0299b0 DEOPT UNPACKING pc=0x00007fd52b505325 sp=0x00007fd4f0bfcf10 mode 0
Event: 877.553 Thread 0x00007fd4b414f310 Uncommon trap: trap_request=0xffffffcd fr.pc=0x00007fd5332529b8 relative=0x0000000000000618
Event: 877.553 Thread 0x00007fd4b414f310 Uncommon trap: reason=intrinsic_or_type_checked_inlining action=reinterpret pc=0x00007fd5332529b8 method=org.eclipse.jdt.core.dom.ASTConverter.convert(Lorg/eclipse/jdt/internal/compiler/ast/Expression;)Lorg/eclipse/jdt/core/dom/Expression; @ 0 jvmci
Event: 877.553 Thread 0x00007fd4b414f310 DEOPT PACKING pc=0x00007fd5332529b8 sp=0x00007fd4f25fd200
Event: 877.553 Thread 0x00007fd4b414f310 DEOPT UNPACKING pc=0x00007fd52b505325 sp=0x00007fd4f25fc698 mode 3
Event: 1208.043 Thread 0x00007fd4c4002b30 DEOPT PACKING pc=0x00007fd52c3ccb93 sp=0x00007fd4f1bfe450
Event: 1208.043 Thread 0x00007fd4c4002b30 DEOPT UNPACKING pc=0x00007fd52b505325 sp=0x00007fd4f1bfd918 mode 0

Classes unloaded (20 events):
Event: 721.438 Thread 0x00007fd5440a13e0 Unloading class 0x0000000800e03000 'jdk/internal/reflect/GeneratedSerializationConstructorAccessor20'
Event: 721.438 Thread 0x00007fd5440a13e0 Unloading class 0x0000000800e02c00 'jdk/internal/reflect/GeneratedSerializationConstructorAccessor19'
Event: 721.438 Thread 0x00007fd5440a13e0 Unloading class 0x0000000800e02800 'jdk/internal/reflect/GeneratedSerializationConstructorAccessor18'
Event: 721.438 Thread 0x00007fd5440a13e0 Unloading class 0x0000000800e02400 'jdk/internal/reflect/GeneratedSerializationConstructorAccessor17'
Event: 721.438 Thread 0x00007fd5440a13e0 Unloading class 0x0000000800e02000 'jdk/internal/reflect/GeneratedSerializationConstructorAccessor16'
Event: 721.438 Thread 0x00007fd5440a13e0 Unloading class 0x0000000800e01c00 'jdk/internal/reflect/GeneratedSerializationConstructorAccessor15'
Event: 721.438 Thread 0x00007fd5440a13e0 Unloading class 0x0000000800e01800 'jdk/internal/reflect/GeneratedSerializationConstructorAccessor14'
Event: 721.438 Thread 0x00007fd5440a13e0 Unloading class 0x0000000800e01400 'jdk/internal/reflect/GeneratedSerializationConstructorAccessor13'
Event: 721.438 Thread 0x00007fd5440a13e0 Unloading class 0x0000000800e01000 'jdk/internal/reflect/GeneratedSerializationConstructorAccessor12'
Event: 721.438 Thread 0x00007fd5440a13e0 Unloading class 0x0000000800e00c00 'jdk/internal/reflect/GeneratedSerializationConstructorAccessor11'
Event: 721.438 Thread 0x00007fd5440a13e0 Unloading class 0x0000000800e00800 'jdk/internal/reflect/GeneratedSerializationConstructorAccessor10'
Event: 721.438 Thread 0x00007fd5440a13e0 Unloading class 0x0000000800e00400 'jdk/internal/reflect/GeneratedSerializationConstructorAccessor9'
Event: 721.438 Thread 0x00007fd5440a13e0 Unloading class 0x0000000800e00000 'jdk/internal/reflect/GeneratedSerializationConstructorAccessor8'
Event: 721.438 Thread 0x00007fd5440a13e0 Unloading class 0x0000000800db9c00 'jdk/internal/reflect/GeneratedSerializationConstructorAccessor7'
Event: 721.438 Thread 0x00007fd5440a13e0 Unloading class 0x0000000800db9800 'jdk/internal/reflect/GeneratedSerializationConstructorAccessor6'
Event: 721.438 Thread 0x00007fd5440a13e0 Unloading class 0x0000000800db9400 'jdk/internal/reflect/GeneratedSerializationConstructorAccessor5'
Event: 721.438 Thread 0x00007fd5440a13e0 Unloading class 0x0000000800db9000 'jdk/internal/reflect/GeneratedSerializationConstructorAccessor4'
Event: 721.438 Thread 0x00007fd5440a13e0 Unloading class 0x0000000800db8c00 'jdk/internal/reflect/GeneratedSerializationConstructorAccessor3'
Event: 721.438 Thread 0x00007fd5440a13e0 Unloading class 0x0000000800db8800 'jdk/internal/reflect/GeneratedSerializationConstructorAccessor2'
Event: 721.438 Thread 0x00007fd5440a13e0 Unloading class 0x0000000800db8400 'jdk/internal/reflect/GeneratedSerializationConstructorAccessor1'

Classes redefined (0 events):
No events

Internal exceptions (20 events):
Event: 728.152 Thread 0x00007fd4e062c880 Exception <a 'sun/nio/fs/UnixException'{0x00000000f57f5488}> (0x00000000f57f5488) 
thrown [src/hotspot/share/prims/jni.cpp, line 516]
Event: 769.181 Thread 0x00007fd4e062c880 Exception <a 'sun/nio/fs/UnixException'{0x00000000f56121b0}> (0x00000000f56121b0) 
thrown [src/hotspot/share/prims/jni.cpp, line 516]
Event: 770.334 Thread 0x00007fd4e062c880 Exception <a 'sun/nio/fs/UnixException'{0x00000000f5608708}> (0x00000000f5608708) 
thrown [src/hotspot/share/prims/jni.cpp, line 516]
Event: 773.956 Thread 0x00007fd4e062c880 Exception <a 'sun/nio/fs/UnixException'{0x00000000f5dd44a0}> (0x00000000f5dd44a0) 
thrown [src/hotspot/share/prims/jni.cpp, line 516]
Event: 775.681 Thread 0x00007fd4e062c880 Exception <a 'sun/nio/fs/UnixException'{0x00000000f5ec3b50}> (0x00000000f5ec3b50) 
thrown [src/hotspot/share/prims/jni.cpp, line 516]
Event: 784.323 Thread 0x00007fd4e062c880 Exception <a 'sun/nio/fs/UnixException'{0x00000000f5977360}> (0x00000000f5977360) 
thrown [src/hotspot/share/prims/jni.cpp, line 516]
Event: 785.550 Thread 0x00007fd4e062c880 Exception <a 'sun/nio/fs/UnixException'{0x00000000f55e1ec0}> (0x00000000f55e1ec0) 
thrown [src/hotspot/share/prims/jni.cpp, line 516]
Event: 796.123 Thread 0x00007fd4e062c880 Exception <a 'sun/nio/fs/UnixException'{0x00000000f56b9610}> (0x00000000f56b9610) 
thrown [src/hotspot/share/prims/jni.cpp, line 516]
Event: 797.417 Thread 0x00007fd4e062c880 Exception <a 'sun/nio/fs/UnixException'{0x00000000f55e1ed0}> (0x00000000f55e1ed0) 
thrown [src/hotspot/share/prims/jni.cpp, line 516]
Event: 799.321 Thread 0x00007fd4b4152650 Implicit null exception at 0x00007fd53341409d to 0x00007fd533414370
Event: 806.218 Thread 0x00007fd48802cfb0 Exception <a 'java/lang/NoSuchMethodError'{0x00000000f5e5c308}: static [Lorg/eclipse/core/runtime/IPath;.<clinit>()V> (0x00000000f5e5c308) 
thrown [src/hotspot/share/prims/jni.cpp, line 1107]
Event: 806.284 Thread 0x00007fd48802cfb0 Exception <a 'java/lang/NoSuchMethodError'{0x00000000f5e88460}: static Lorg/eclipse/m2e/core/internal/lifecyclemapping/model/PluginExecutionMetadata;.<clinit>()V> (0x00000000f5e88460) 
thrown [src/hotspot/share/prims/jni.cpp, line 1107]
Event: 806.287 Thread 0x00007fd48802cfb0 Exception <a 'java/lang/NoSuchMethodError'{0x00000000f5ea1818}: static Lorg/eclipse/m2e/core/internal/lifecyclemapping/model/PluginExecutionFilter;.<clinit>()V> (0x00000000f5ea1818) 
thrown [src/hotspot/share/prims/jni.cpp, line 1107]
Event: 806.290 Thread 0x00007fd48802cfb0 Exception <a 'java/lang/NoSuchMethodError'{0x00000000f5ec6470}: static [J.<clinit>()V> (0x00000000f5ec6470) 
thrown [src/hotspot/share/prims/jni.cpp, line 1107]
Event: 811.814 Thread 0x00007fd4e062c880 Exception <a 'sun/nio/fs/UnixException'{0x00000000f59b9718}> (0x00000000f59b9718) 
thrown [src/hotspot/share/prims/jni.cpp, line 516]
Event: 813.322 Thread 0x00007fd4c41e2fc0 Exception <a 'sun/nio/fs/UnixException'{0x00000000f565fb28}> (0x00000000f565fb28) 
thrown [src/hotspot/share/prims/jni.cpp, line 516]
Event: 813.929 Thread 0x00007fd4b414f310 Implicit null exception at 0x00007fd533488053 to 0x00007fd52b504f68
Event: 814.117 Thread 0x00007fd4e062c880 Exception <a 'sun/nio/fs/UnixException'{0x00000000f55be3d8}> (0x00000000f55be3d8) 
thrown [src/hotspot/share/prims/jni.cpp, line 516]
Event: 816.993 Thread 0x00007fd4e062c880 Exception <a 'sun/nio/fs/UnixException'{0x00000000f59440c8}> (0x00000000f59440c8) 
thrown [src/hotspot/share/prims/jni.cpp, line 516]
Event: 819.198 Thread 0x00007fd4e062c880 Exception <a 'sun/nio/fs/UnixException'{0x00000000f574ebe0}> (0x00000000f574ebe0) 
thrown [src/hotspot/share/prims/jni.cpp, line 516]

VM Operations (20 events):
Event: 1030.764 Executing VM operation: ParallelGCFailedAllocation
Event: 1030.778 Executing VM operation: ParallelGCFailedAllocation done
Event: 1030.836 Executing VM operation: ParallelGCFailedAllocation
Event: 1030.882 Executing VM operation: ParallelGCFailedAllocation done
Event: 1111.918 Executing VM operation: Cleanup
Event: 1111.918 Executing VM operation: Cleanup done
Event: 1208.985 Executing VM operation: Cleanup
Event: 1208.985 Executing VM operation: Cleanup done
Event: 1324.055 Executing VM operation: Cleanup
Event: 1324.056 Executing VM operation: Cleanup done
Event: 1594.255 Executing VM operation: Cleanup
Event: 1594.263 Executing VM operation: Cleanup done
Event: 1764.377 Executing VM operation: Cleanup
Event: 1764.377 Executing VM operation: Cleanup done
Event: 1774.383 Executing VM operation: Cleanup
Event: 1774.383 Executing VM operation: Cleanup done
Event: 1924.463 Executing VM operation: Cleanup
Event: 1924.464 Executing VM operation: Cleanup done
Event: 1954.472 Executing VM operation: Cleanup
Event: 1954.472 Executing VM operation: Cleanup done

Events (20 events):
Event: 877.510 Protecting memory [0x00007fd4f2500000,0x00007fd4f2504000] with protection modes 0
Event: 877.555 Thread 0x00007fd4b4152cb0 Thread added: 0x00007fd4b4152cb0
Event: 877.555 Protecting memory [0x00007fd4f1100000,0x00007fd4f1104000] with protection modes 0
Event: 877.556 Thread 0x00007fd4b4152cb0 Thread exited: 0x00007fd4b4152cb0
Event: 877.560 Thread 0x00007fd4b414f310 Thread exited: 0x00007fd4b414f310
Event: 881.355 Thread 0x00007fd4c41e2fc0 Thread exited: 0x00007fd4c41e2fc0
Event: 881.404 Thread 0x00007fd49c0293e0 Thread exited: 0x00007fd49c0293e0
Event: 881.405 Thread 0x00007fd48802cfb0 Thread exited: 0x00007fd48802cfb0
Event: 1030.728 Thread 0x00007fd4b4152cb0 Thread added: 0x00007fd4b4152cb0
Event: 1030.728 Protecting memory [0x00007fd4f1900000,0x00007fd4f1904000] with protection modes 0
Event: 1030.763 Thread 0x00007fd49c001420 Thread added: 0x00007fd49c001420
Event: 1030.764 Protecting memory [0x00007fd4f2700000,0x00007fd4f2704000] with protection modes 0
Event: 1030.933 Thread 0x00007fd4b4152cb0 Thread exited: 0x00007fd4b4152cb0
Event: 1090.932 Thread 0x00007fd49c001420 Thread exited: 0x00007fd49c001420
Event: 1111.896 Thread 0x00007fd4b80bcf00 Thread added: 0x00007fd4b80bcf00
Event: 1111.900 Protecting memory [0x00007fd4f2700000,0x00007fd4f2704000] with protection modes 0
Event: 1111.900 Thread 0x00007fd4b80bcf00 Thread exited: 0x00007fd4b80bcf00
Event: 1208.044 Thread 0x00007fd4b80bcf00 Thread added: 0x00007fd4b80bcf00
Event: 1208.044 Protecting memory [0x00007fd4f2700000,0x00007fd4f2704000] with protection modes 0
Event: 1268.044 Thread 0x00007fd49c0299b0 Thread exited: 0x00007fd49c0299b0


Dynamic libraries:
e0000000-e7380000 rw-p 00000000 00:00 0 
e7380000-f5580000 ---p 00000000 00:00 0 
f5580000-f6780000 rw-p 00000000 00:00 0 
f6780000-100000000 ---p 00000000 00:00 0 
800000000-800449000 rw-p 00001000 08:30 707969865                        /nix/store/gpxl5qgg8kicmcvivwmybwjlpf7wh20l-graalvm17-ce-22.3.0/lib/server/classes.jsa
800449000-800bc8000 r--p 0044a000 08:30 707969865                        /nix/store/gpxl5qgg8kicmcvivwmybwjlpf7wh20l-graalvm17-ce-22.3.0/lib/server/classes.jsa
800bc8000-800c00000 ---p 00000000 00:00 0 
800c00000-800c10000 rw-p 00000000 00:00 0 
800c10000-800c30000 rw-p 00000000 00:00 0 
800c30000-800cb0000 rw-p 00000000 00:00 0 
800cb0000-800cf0000 rw-p 00000000 00:00 0 
800cf0000-800db0000 rw-p 00000000 00:00 0 
800db0000-800df0000 rw-p 00000000 00:00 0 
800df0000-801130000 rw-p 00000000 00:00 0 
801130000-801150000 rw-p 00000000 00:00 0 
801150000-801180000 ---p 00000000 00:00 0 
801180000-801260000 rw-p 00000000 00:00 0 
801260000-840c00000 ---p 00000000 00:00 0 
55eff2cce000-55eff2ccf000 r-xp 00000000 08:30 672029940                  /nix/store/gpxl5qgg8kicmcvivwmybwjlpf7wh20l-graalvm17-ce-22.3.0/bin/.java-wrapped
55eff2cd0000-55eff2cd1000 r--p 00001000 08:30 672029940                  /nix/store/gpxl5qgg8kicmcvivwmybwjlpf7wh20l-graalvm17-ce-22.3.0/bin/.java-wrapped
55eff2cd1000-55eff2cd2000 rw-p 00002000 08:30 672029940                  /nix/store/gpxl5qgg8kicmcvivwmybwjlpf7wh20l-graalvm17-ce-22.3.0/bin/.java-wrapped
55eff2cd2000-55eff2cd3000 rw-p 00004000 08:30 672029940                  /nix/store/gpxl5qgg8kicmcvivwmybwjlpf7wh20l-graalvm17-ce-22.3.0/bin/.java-wrapped
55eff2cd3000-55eff2cd4000 rw-p 00005000 08:30 672029940                  /nix/store/gpxl5qgg8kicmcvivwmybwjlpf7wh20l-graalvm17-ce-22.3.0/bin/.java-wrapped
55eff35ae000-55eff35f6000 rw-p 00000000 00:00 0                          [heap]
7fd470800000-7fd470f70000 rw-p 00000000 00:00 0 
7fd470f70000-7fd471000000 rw-p 00000000 00:00 0 
7fd474000000-7fd474024000 rw-p 00000000 00:00 0 
7fd474024000-7fd478000000 ---p 00000000 00:00 0 
7fd478000000-7fd478021000 rw-p 00000000 00:00 0 
7fd478021000-7fd47c000000 ---p 00000000 00:00 0 
7fd47c000000-7fd47c119000 rw-p 00000000 00:00 0 
7fd47c119000-7fd480000000 ---p 00000000 00:00 0 
7fd480000000-7fd480057000 rw-p 00000000 00:00 0 
7fd480057000-7fd484000000 ---p 00000000 00:00 0 
7fd484000000-7fd48404a000 rw-p 00000000 00:00 0 
7fd48404a000-7fd488000000 ---p 00000000 00:00 0 
7fd488000000-7fd4880c6000 rw-p 00000000 00:00 0 
7fd4880c6000-7fd48c000000 ---p 00000000 00:00 0 
7fd48c000000-7fd48c021000 rw-p 00000000 00:00 0 
7fd48c021000-7fd490000000 ---p 00000000 00:00 0 
7fd490000000-7fd490073000 rw-p 00000000 00:00 0 
7fd490073000-7fd494000000 ---p 00000000 00:00 0 
7fd494000000-7fd49402e000 rw-p 00000000 00:00 0 
7fd49402e000-7fd498000000 ---p 00000000 00:00 0 
7fd498000000-7fd498021000 rw-p 00000000 00:00 0 
7fd498021000-7fd49c000000 ---p 00000000 00:00 0 
7fd49c000000-7fd49c102000 rw-p 00000000 00:00 0 
7fd49c102000-7fd4a0000000 ---p 00000000 00:00 0 
7fd4a0000000-7fd4a004d000 rw-p 00000000 00:00 0 
7fd4a004d000-7fd4a4000000 ---p 00000000 00:00 0 
7fd4a4000000-7fd4a409b000 rw-p 00000000 00:00 0 
7fd4a409b000-7fd4a8000000 ---p 00000000 00:00 0 
7fd4a8800000-7fd4a8c30000 rw-p 00000000 00:00 0 
7fd4a8c30000-7fd4a9000000 ---p 00000000 00:00 0 
7fd4aa4b3000-7fd4b4000000 r--s 00000000 08:30 707804677                  /nix/store/gpxl5qgg8kicmcvivwmybwjlpf7wh20l-graalvm17-ce-22.3.0/lib/modules
7fd4b4000000-7fd4b41b6000 rw-p 00000000 00:00 0 
7fd4b41b6000-7fd4b8000000 ---p 00000000 00:00 0 
7fd4b8000000-7fd4b817e000 rw-p 00000000 00:00 0 
7fd4b817e000-7fd4bc000000 ---p 00000000 00:00 0 
7fd4bc000000-7fd4bc021000 rw-p 00000000 00:00 0 
7fd4bc021000-7fd4c0000000 ---p 00000000 00:00 0 
7fd4c0000000-7fd4c0021000 rw-p 00000000 00:00 0 
7fd4c0021000-7fd4c4000000 ---p 00000000 00:00 0 
7fd4c4000000-7fd4c4266000 rw-p 00000000 00:00 0 
7fd4c4266000-7fd4c8000000 ---p 00000000 00:00 0 
7fd4c8000000-7fd4c809a000 rw-p 00000000 00:00 0 
7fd4c809a000-7fd4cc000000 ---p 00000000 00:00 0 
7fd4cc000000-7fd4cc021000 rw-p 00000000 00:00 0 
7fd4cc021000-7fd4d0000000 ---p 00000000 00:00 0 
7fd4d0000000-7fd4d0379000 rw-p 00000000 00:00 0 
7fd4d0379000-7fd4d4000000 ---p 00000000 00:00 0 
7fd4d4000000-7fd4d4021000 rw-p 00000000 00:00 0 
7fd4d4021000-7fd4d8000000 ---p 00000000 00:00 0 
7fd4d8000000-7fd4d8021000 rw-p 00000000 00:00 0 
7fd4d8021000-7fd4dc000000 ---p 00000000 00:00 0 
7fd4dc000000-7fd4dc021000 rw-p 00000000 00:00 0 
7fd4dc021000-7fd4e0000000 ---p 00000000 00:00 0 
7fd4e0000000-7fd4e08d8000 rw-p 00000000 00:00 0 
7fd4e08d8000-7fd4e4000000 ---p 00000000 00:00 0 
7fd4e4000000-7fd4e4021000 rw-p 00000000 00:00 0 
7fd4e4021000-7fd4e8000000 ---p 00000000 00:00 0 
7fd4e8000000-7fd4e8074000 rw-p 00000000 00:00 0 
7fd4e8074000-7fd4ec000000 ---p 00000000 00:00 0 
7fd4ec000000-7fd4ec4f0000 rw-p 00000000 00:00 0 
7fd4ec4f0000-7fd4ec7f0000 rw-p 00000000 00:00 0 
7fd4ec7f0000-7fd4ecc30000 rw-p 00000000 00:00 0 
7fd4ecc30000-7fd4ecdb0000 rw-p 00000000 00:00 0 
7fd4ecdb0000-7fd4ecdf0000 rw-p 00000000 00:00 0 
7fd4ecdf0000-7fd4ed000000 rw-p 00000000 00:00 0 
7fd4ee000000-7fd4ee0f0000 rw-p 00000000 00:00 0 
7fd4ee0f0000-7fd4ee1f0000 rw-p 00000000 00:00 0 
7fd4ee1f0000-7fd4ee7f0000 rw-p 00000000 00:00 0 
7fd4ee7f0000-7fd4ee8f0000 rw-p 00000000 00:00 0 
7fd4ee8f0000-7fd4eedb0000 rw-p 00000000 00:00 0 
7fd4eedb0000-7fd4eedf0000 rw-p 00000000 00:00 0 
7fd4eedf0000-7fd4eeff0000 rw-p 00000000 00:00 0 
7fd4eeff0000-7fd4ef0f0000 rw-p 00000000 00:00 0 
7fd4ef0f0000-7fd4ef1f0000 rw-p 00000000 00:00 0 
7fd4ef1f0000-7fd4ef750000 rw-p 00000000 00:00 0 
7fd4ef750000-7fd4ef770000 rw-p 00000000 00:00 0 
7fd4ef770000-7fd4ef800000 rw-p 00000000 00:00 0 
7fd4efa00000-7fd4efa10000 r-xp 00000000 00:b0d 310                       /home/runner/Password-Generator-Java/.cache/jdt-language-server/config/org.eclipse.equinox.launcher/org.eclipse.equinox.launcher.gtk.linux.x86_64_1.2.400.v20211117-0650/eclipse_11600.so
7fd4efa10000-7fd4efc0f000 ---p 00010000 00:b0d 310                       /home/runner/Password-Generator-Java/.cache/jdt-language-server/config/org.eclipse.equinox.launcher/org.eclipse.equinox.launcher.gtk.linux.x86_64_1.2.400.v20211117-0650/eclipse_11600.so
7fd4efc0f000-7fd4efc10000 r--p 0000f000 00:b0d 310                       /home/runner/Password-Generator-Java/.cache/jdt-language-server/config/org.eclipse.equinox.launcher/org.eclipse.equinox.launcher.gtk.linux.x86_64_1.2.400.v20211117-0650/eclipse_11600.so
7fd4efc10000-7fd4efc11000 rw-p 00010000 00:b0d 310                       /home/runner/Password-Generator-Java/.cache/jdt-language-server/config/org.eclipse.equinox.launcher/org.eclipse.equinox.launcher.gtk.linux.x86_64_1.2.400.v20211117-0650/eclipse_11600.so
7fd4f0900000-7fd4f0904000 ---p 00000000 00:00 0 
7fd4f0904000-7fd4f0a00000 rw-p 00000000 00:00 0 
7fd4f0b00000-7fd4f0b04000 ---p 00000000 00:00 0 
7fd4f0b04000-7fd4f0c00000 rw-p 00000000 00:00 0 
7fd4f0d00000-7fd4f0d04000 ---p 00000000 00:00 0 
7fd4f0d04000-7fd4f0e00000 rw-p 00000000 00:00 0 
7fd4f0e00000-7fd4f0e04000 ---p 00000000 00:00 0 
7fd4f0e04000-7fd4f0f00000 rw-p 00000000 00:00 0 
7fd4f0f00000-7fd4f0f04000 ---p 00000000 00:00 0 
7fd4f0f04000-7fd4f1000000 rw-p 00000000 00:00 0 
7fd4f1100000-7fd4f1104000 ---p 00000000 00:00 0 
7fd4f1104000-7fd4f1200000 rw-p 00000000 00:00 0 
7fd4f1300000-7fd4f1304000 ---p 00000000 00:00 0 
7fd4f1304000-7fd4f1400000 rw-p 00000000 00:00 0 
7fd4f1400000-7fd4f1404000 ---p 00000000 00:00 0 
7fd4f1404000-7fd4f1500000 rw-p 00000000 00:00 0 
7fd4f1500000-7fd4f1504000 ---p 00000000 00:00 0 
7fd4f1504000-7fd4f1600000 rw-p 00000000 00:00 0 
7fd4f1700000-7fd4f1704000 ---p 00000000 00:00 0 
7fd4f1704000-7fd4f1800000 rw-p 00000000 00:00 0 
7fd4f1900000-7fd4f1904000 ---p 00000000 00:00 0 
7fd4f1904000-7fd4f1a00000 rw-p 00000000 00:00 0 
7fd4f1b00000-7fd4f1b04000 ---p 00000000 00:00 0 
7fd4f1b04000-7fd4f1c00000 rw-p 00000000 00:00 0 
7fd4f1d00000-7fd4f1d04000 ---p 00000000 00:00 0 
7fd4f1d04000-7fd4f1e00000 rw-p 00000000 00:00 0 
7fd4f1f00000-7fd4f1f04000 ---p 00000000 00:00 0 
7fd4f1f04000-7fd4f2000000 rw-p 00000000 00:00 0 
7fd4f2000000-7fd4f2004000 ---p 00000000 00:00 0 
7fd4f2004000-7fd4f2100000 rw-p 00000000 00:00 0 
7fd4f2100000-7fd4f2104000 ---p 00000000 00:00 0 
7fd4f2104000-7fd4f2200000 rw-p 00000000 00:00 0 
7fd4f2300000-7fd4f2304000 ---p 00000000 00:00 0 
7fd4f2304000-7fd4f2400000 rw-p 00000000 00:00 0 
7fd4f2500000-7fd4f2504000 ---p 00000000 00:00 0 
7fd4f2504000-7fd4f2600000 rw-p 00000000 00:00 0 
7fd4f2700000-7fd4f2704000 ---p 00000000 00:00 0 
7fd4f2704000-7fd4f2800000 rw-p 00000000 00:00 0 
7fd4f2800000-7fd4f2804000 ---p 00000000 00:00 0 
7fd4f2804000-7fd4f2900000 rw-p 00000000 00:00 0 
7fd4f2900000-7fd4f2904000 ---p 00000000 00:00 0 
7fd4f2904000-7fd4f2a00000 rw-p 00000000 00:00 0 
7fd4f2b00000-7fd4f2b04000 ---p 00000000 00:00 0 
7fd4f2b04000-7fd4f2c00000 rw-p 00000000 00:00 0 
7fd4f2d00000-7fd4f2d04000 ---p 00000000 00:00 0 
7fd4f2d04000-7fd4f2e00000 rw-p 00000000 00:00 0 
7fd4f3da9000-7fd4f4000000 rw-p 00000000 00:00 0 
7fd4f4000000-7fd4f4021000 rw-p 00000000 00:00 0 
7fd4f4021000-7fd4f8000000 ---p 00000000 00:00 0 
7fd4f8000000-7fd4f8021000 rw-p 00000000 00:00 0 
7fd4f8021000-7fd4fc000000 ---p 00000000 00:00 0 
7fd4fc000000-7fd4fc051000 rw-p 00000000 00:00 0 
7fd4fc051000-7fd500000000 ---p 00000000 00:00 0 
7fd500000000-7fd500021000 rw-p 00000000 00:00 0 
7fd500021000-7fd504000000 ---p 00000000 00:00 0 
7fd504000000-7fd504128000 rw-p 00000000 00:00 0 
7fd504128000-7fd508000000 ---p 00000000 00:00 0 
7fd508000000-7fd508bbe000 rw-p 00000000 00:00 0 
7fd508bbe000-7fd50c000000 ---p 00000000 00:00 0 
7fd50c000000-7fd50c021000 rw-p 00000000 00:00 0 
7fd50c021000-7fd510000000 ---p 00000000 00:00 0 
7fd510000000-7fd510021000 rw-p 00000000 00:00 0 
7fd510021000-7fd514000000 ---p 00000000 00:00 0 
7fd514000000-7fd514021000 rw-p 00000000 00:00 0 
7fd514021000-7fd518000000 ---p 00000000 00:00 0 
7fd518000000-7fd518021000 rw-p 00000000 00:00 0 
7fd518021000-7fd51c000000 ---p 00000000 00:00 0 
7fd51c000000-7fd51c021000 rw-p 00000000 00:00 0 
7fd51c021000-7fd520000000 ---p 00000000 00:00 0 
7fd520000000-7fd520021000 rw-p 00000000 00:00 0 
7fd520021000-7fd524000000 ---p 00000000 00:00 0 
7fd524000000-7fd524065000 rw-p 00000000 00:00 0 
7fd524065000-7fd528000000 ---p 00000000 00:00 0 
7fd528100000-7fd528104000 ---p 00000000 00:00 0 
7fd528104000-7fd528200000 rw-p 00000000 00:00 0 
7fd528300000-7fd528304000 ---p 00000000 00:00 0 
7fd528304000-7fd528400000 rw-p 00000000 00:00 0 
7fd528500000-7fd528504000 ---p 00000000 00:00 0 
7fd528504000-7fd528600000 rw-p 00000000 00:00 0 
7fd528600000-7fd52a76a000 r-xp 00000000 08:30 707802136                  /nix/store/gpxl5qgg8kicmcvivwmybwjlpf7wh20l-graalvm17-ce-22.3.0/lib/libjvmcicompiler.so
7fd52a76a000-7fd52a969000 ---p 0216a000 08:30 707802136                  /nix/store/gpxl5qgg8kicmcvivwmybwjlpf7wh20l-graalvm17-ce-22.3.0/lib/libjvmcicompiler.so
7fd52a969000-7fd52a96a000 r--p 02169000 08:30 707802136                  /nix/store/gpxl5qgg8kicmcvivwmybwjlpf7wh20l-graalvm17-ce-22.3.0/lib/libjvmcicompiler.so
7fd52a96a000-7fd52a96c000 rw-p 0216a000 08:30 707802136                  /nix/store/gpxl5qgg8kicmcvivwmybwjlpf7wh20l-graalvm17-ce-22.3.0/lib/libjvmcicompiler.so
7fd52a96c000-7fd52a96d000 rw-p 00000000 00:00 0 
7fd52a96d000-7fd52a972000 rw-p 023c3000 08:30 707802136                  /nix/store/gpxl5qgg8kicmcvivwmybwjlpf7wh20l-graalvm17-ce-22.3.0/lib/libjvmcicompiler.so
7fd52a974000-7fd52a978000 ---p 00000000 00:00 0 
7fd52a978000-7fd52a996000 rw-p 00000000 00:00 0 
7fd52a996000-7fd52a9ab000 r-xp 00000000 08:30 707804666                  /nix/store/gpxl5qgg8kicmcvivwmybwjlpf7wh20l-graalvm17-ce-22.3.0/lib/libnet.so
7fd52a9ab000-7fd52a9ac000 ---p 00015000 08:30 707804666                  /nix/store/gpxl5qgg8kicmcvivwmybwjlpf7wh20l-graalvm17-ce-22.3.0/lib/libnet.so
7fd52a9ac000-7fd52a9ad000 r--p 00015000 08:30 707804666                  /nix/store/gpxl5qgg8kicmcvivwmybwjlpf7wh20l-graalvm17-ce-22.3.0/lib/libnet.so
7fd52a9ad000-7fd52a9ae000 rw-p 00016000 08:30 707804666                  /nix/store/gpxl5qgg8kicmcvivwmybwjlpf7wh20l-graalvm17-ce-22.3.0/lib/libnet.so
7fd52a9ae000-7fd52a9b1000 rw-p 0001b000 08:30 707804666                  /nix/store/gpxl5qgg8kicmcvivwmybwjlpf7wh20l-graalvm17-ce-22.3.0/lib/libnet.so
7fd52a9b1000-7fd52a9b2000 ---p 00000000 00:00 0 
7fd52a9b2000-7fd52aab3000 rw-p 00000000 00:00 0 
7fd52aab3000-7fd52aab7000 ---p 00000000 00:00 0 
7fd52aab7000-7fd52abb3000 rw-p 00000000 00:00 0 
7fd52abb3000-7fd52abb7000 ---p 00000000 00:00 0 
7fd52abb7000-7fd52acb3000 rw-p 00000000 00:00 0 
7fd52acb3000-7fd52acb7000 ---p 00000000 00:00 0 
7fd52acb7000-7fd52adb3000 rw-p 00000000 00:00 0 
7fd52adb3000-7fd52adb7000 ---p 00000000 00:00 0 
7fd52adb7000-7fd52afb3000 rw-p 00000000 00:00 0 
7fd52afb3000-7fd52afb7000 ---p 00000000 00:00 0 
7fd52afb7000-7fd52b1b3000 rw-p 00000000 00:00 0 
7fd52b1b3000-7fd52b1b7000 ---p 00000000 00:00 0 
7fd52b1b7000-7fd52b2b3000 rw-p 00000000 00:00 0 
7fd52b2b3000-7fd52b2b7000 ---p 00000000 00:00 0 
7fd52b2b7000-7fd52b3b3000 rw-p 00000000 00:00 0 
7fd52b3b3000-7fd52b3b7000 ---p 00000000 00:00 0 
7fd52b3b7000-7fd52b4b3000 rw-p 00000000 00:00 0 
7fd52b4b3000-7fd52b723000 rwxp 00000000 00:00 0 
7fd52b723000-7fd52ba42000 ---p 00000000 00:00 0 
7fd52ba42000-7fd52d4f2000 rwxp 00000000 00:00 0 
7fd52d4f2000-7fd532f7a000 ---p 00000000 00:00 0 
7fd532f7a000-7fd5334ca000 rwxp 00000000 00:00 0 
7fd5334ca000-7fd53a4b3000 ---p 00000000 00:00 0 
7fd53a4b3000-7fd544000000 r--s 00000000 08:30 707804677                  /nix/store/gpxl5qgg8kicmcvivwmybwjlpf7wh20l-graalvm17-ce-22.3.0/lib/modules
7fd544000000-7fd544420000 rw-p 00000000 00:00 0 
7fd544420000-7fd548000000 ---p 00000000 00:00 0 
7fd54800e000-7fd548015000 r-xp 00000000 08:30 707804676                  /nix/store/gpxl5qgg8kicmcvivwmybwjlpf7wh20l-graalvm17-ce-22.3.0/lib/libzip.so
7fd548015000-7fd548016000 ---p 00007000 08:30 707804676                  /nix/store/gpxl5qgg8kicmcvivwmybwjlpf7wh20l-graalvm17-ce-22.3.0/lib/libzip.so
7fd548016000-7fd548017000 r--p 00007000 08:30 707804676                  /nix/store/gpxl5qgg8kicmcvivwmybwjlpf7wh20l-graalvm17-ce-22.3.0/lib/libzip.so
7fd548017000-7fd548018000 rw-p 00008000 08:30 707804676                  /nix/store/gpxl5qgg8kicmcvivwmybwjlpf7wh20l-graalvm17-ce-22.3.0/lib/libzip.so
7fd548018000-7fd54801a000 rw-p 0000b000 08:30 707804676                  /nix/store/gpxl5qgg8kicmcvivwmybwjlpf7wh20l-graalvm17-ce-22.3.0/lib/libzip.so
7fd54801a000-7fd548300000 r--p 00000000 fc:00 28444448                   /usr/lib/locale/locale-archive
7fd548300000-7fd548304000 ---p 00000000 00:00 0 
7fd548304000-7fd5487f0000 rw-p 00000000 00:00 0 
7fd5487f0000-7fd548af0000 rw-p 00000000 00:00 0 
7fd548af0000-7fd548c00000 rw-p 00000000 00:00 0 
7fd548c04000-7fd548c17000 r-xp 00000000 08:30 707804667                  /nix/store/gpxl5qgg8kicmcvivwmybwjlpf7wh20l-graalvm17-ce-22.3.0/lib/libnio.so
7fd548c17000-7fd548c18000 r--p 00012000 08:30 707804667                  /nix/store/gpxl5qgg8kicmcvivwmybwjlpf7wh20l-graalvm17-ce-22.3.0/lib/libnio.so
7fd548c18000-7fd548c19000 rw-p 00013000 08:30 707804667                  /nix/store/gpxl5qgg8kicmcvivwmybwjlpf7wh20l-graalvm17-ce-22.3.0/lib/libnio.so
7fd548c19000-7fd548c1e000 rw-p 00019000 08:30 707804667                  /nix/store/gpxl5qgg8kicmcvivwmybwjlpf7wh20l-graalvm17-ce-22.3.0/lib/libnio.so
7fd548c1e000-7fd548c22000 ---p 00000000 00:00 0 
7fd548c22000-7fd548d1e000 rw-p 00000000 00:00 0 
7fd548d1e000-7fd548d1f000 ---p 00000000 00:00 0 
7fd548d1f000-7fd548e20000 rw-p 00000000 00:00 0 
7fd548e20000-7fd548eee000 r-xp 00000000 08:30 707802132                  /nix/store/gpxl5qgg8kicmcvivwmybwjlpf7wh20l-graalvm17-ce-22.3.0/lib/libjsvml.so
7fd548eee000-7fd548eef000 r--p 000cd000 08:30 707802132                  /nix/store/gpxl5qgg8kicmcvivwmybwjlpf7wh20l-graalvm17-ce-22.3.0/lib/libjsvml.so
7fd548eef000-7fd548ef0000 rw-p 000ce000 08:30 707802132                  /nix/store/gpxl5qgg8kicmcvivwmybwjlpf7wh20l-graalvm17-ce-22.3.0/lib/libjsvml.so
7fd548ef0000-7fd54a757000 rw-p 00000000 00:00 0 
7fd54a757000-7fd54a7c8000 ---p 00000000 00:00 0 
7fd54a7c8000-7fd54a7c9000 ---p 00000000 00:00 0 
7fd54a7c9000-7fd54a904000 rw-p 00000000 00:00 0 
7fd54a904000-7fd54a974000 ---p 00000000 00:00 0 
7fd54a974000-7fd54a97e000 rw-p 00000000 00:00 0 
7fd54a97e000-7fd54a9ca000 ---p 00000000 00:00 0 
7fd54a9ca000-7fd54a9d6000 rw-p 00000000 00:00 0 
7fd54a9d6000-7fd54aab6000 ---p 00000000 00:00 0 
7fd54aab6000-7fd54aaec000 rw-p 00000000 00:00 0 
7fd54aaec000-7fd54aba1000 ---p 00000000 00:00 0 
7fd54aba1000-7fd54aba6000 rw-p 00000000 00:00 0 
7fd54aba6000-7fd54abad000 ---p 00000000 00:00 0 
7fd54abad000-7fd54abd1000 r-xp 00000000 08:30 707802124                  /nix/store/gpxl5qgg8kicmcvivwmybwjlpf7wh20l-graalvm17-ce-22.3.0/lib/libjava.so
7fd54abd1000-7fd54abd2000 ---p 00024000 08:30 707802124                  /nix/store/gpxl5qgg8kicmcvivwmybwjlpf7wh20l-graalvm17-ce-22.3.0/lib/libjava.so
7fd54abd2000-7fd54abd3000 r--p 00024000 08:30 707802124                  /nix/store/gpxl5qgg8kicmcvivwmybwjlpf7wh20l-graalvm17-ce-22.3.0/lib/libjava.so
7fd54abd3000-7fd54abd4000 rw-p 00025000 08:30 707802124                  /nix/store/gpxl5qgg8kicmcvivwmybwjlpf7wh20l-graalvm17-ce-22.3.0/lib/libjava.so
7fd54abd4000-7fd54abd5000 rw-p 00000000 00:00 0 
7fd54abd5000-7fd54abdc000 rw-p 0002f000 08:30 707802124                  /nix/store/gpxl5qgg8kicmcvivwmybwjlpf7wh20l-graalvm17-ce-22.3.0/lib/libjava.so
7fd54abdc000-7fd54abe4000 rw-s 00000000 00:3aa 734                       /tmp/hsperfdata_runner/6442
7fd54abe4000-7fd54abe5000 ---p 00000000 00:00 0 
7fd54abe5000-7fd54abe6000 r--p 00000000 00:00 0 
7fd54abe6000-7fd54abe7000 ---p 00000000 00:00 0 
7fd54abe7000-7fd54ac02000 r-xp 00000000 08:30 707802128                  /nix/store/gpxl5qgg8kicmcvivwmybwjlpf7wh20l-graalvm17-ce-22.3.0/lib/libjimage.so
7fd54ac02000-7fd54ac03000 ---p 0001b000 08:30 707802128                  /nix/store/gpxl5qgg8kicmcvivwmybwjlpf7wh20l-graalvm17-ce-22.3.0/lib/libjimage.so
7fd54ac03000-7fd54ac05000 r--p 0001b000 08:30 707802128                  /nix/store/gpxl5qgg8kicmcvivwmybwjlpf7wh20l-graalvm17-ce-22.3.0/lib/libjimage.so
7fd54ac05000-7fd54ac06000 rw-p 0001d000 08:30 707802128                  /nix/store/gpxl5qgg8kicmcvivwmybwjlpf7wh20l-graalvm17-ce-22.3.0/lib/libjimage.so
7fd54ac06000-7fd54ac07000 rw-p 00024000 08:30 707802128                  /nix/store/gpxl5qgg8kicmcvivwmybwjlpf7wh20l-graalvm17-ce-22.3.0/lib/libjimage.so
7fd54ac07000-7fd54ac0b000 ---p 00000000 00:00 0 
7fd54ac0b000-7fd54ad07000 rw-p 00000000 00:00 0 
7fd54ad07000-7fd54ad15000 r--p 00000000 08:30 600592023                  /nix/store/4nlgxhb09sdr51nc9hdm8az5b08vzkgx-glibc-2.35-163/lib/libm.so.6
7fd54ad15000-7fd54ad88000 r-xp 0000e000 08:30 600592023                  /nix/store/4nlgxhb09sdr51nc9hdm8az5b08vzkgx-glibc-2.35-163/lib/libm.so.6
7fd54ad88000-7fd54ade5000 r--p 00081000 08:30 600592023                  /nix/store/4nlgxhb09sdr51nc9hdm8az5b08vzkgx-glibc-2.35-163/lib/libm.so.6
7fd54ade5000-7fd54ade6000 r--p 000dd000 08:30 600592023                  /nix/store/4nlgxhb09sdr51nc9hdm8az5b08vzkgx-glibc-2.35-163/lib/libm.so.6
7fd54ade6000-7fd54ade7000 rw-p 000de000 08:30 600592023                  /nix/store/4nlgxhb09sdr51nc9hdm8az5b08vzkgx-glibc-2.35-163/lib/libm.so.6
7fd54ade7000-7fd54ade8000 r--p 00000000 08:30 600592042                  /nix/store/4nlgxhb09sdr51nc9hdm8az5b08vzkgx-glibc-2.35-163/lib/librt.so.1
7fd54ade8000-7fd54ade9000 r-xp 00001000 08:30 600592042                  /nix/store/4nlgxhb09sdr51nc9hdm8az5b08vzkgx-glibc-2.35-163/lib/librt.so.1
7fd54ade9000-7fd54adea000 r--p 00002000 08:30 600592042                  /nix/store/4nlgxhb09sdr51nc9hdm8az5b08vzkgx-glibc-2.35-163/lib/librt.so.1
7fd54adea000-7fd54adeb000 r--p 00002000 08:30 600592042                  /nix/store/4nlgxhb09sdr51nc9hdm8az5b08vzkgx-glibc-2.35-163/lib/librt.so.1
7fd54adeb000-7fd54adec000 rw-p 00003000 08:30 600592042                  /nix/store/4nlgxhb09sdr51nc9hdm8az5b08vzkgx-glibc-2.35-163/lib/librt.so.1
7fd54adec000-7fd54beff000 r-xp 00000000 08:30 707972962                  /nix/store/gpxl5qgg8kicmcvivwmybwjlpf7wh20l-graalvm17-ce-22.3.0/lib/server/libjvm.so
7fd54beff000-7fd54bf00000 ---p 01113000 08:30 707972962                  /nix/store/gpxl5qgg8kicmcvivwmybwjlpf7wh20l-graalvm17-ce-22.3.0/lib/server/libjvm.so
7fd54bf00000-7fd54bfb5000 r--p 01113000 08:30 707972962                  /nix/store/gpxl5qgg8kicmcvivwmybwjlpf7wh20l-graalvm17-ce-22.3.0/lib/server/libjvm.so
7fd54bfb5000-7fd54bfe9000 rw-p 011c8000 08:30 707972962                  /nix/store/gpxl5qgg8kicmcvivwmybwjlpf7wh20l-graalvm17-ce-22.3.0/lib/server/libjvm.so
7fd54bfe9000-7fd54c045000 rw-p 00000000 00:00 0 
7fd54c045000-7fd54c06d000 r--p 00000000 08:30 600592014                  /nix/store/4nlgxhb09sdr51nc9hdm8az5b08vzkgx-glibc-2.35-163/lib/libc.so.6
7fd54c06d000-7fd54c1e3000 r-xp 00028000 08:30 600592014                  /nix/store/4nlgxhb09sdr51nc9hdm8az5b08vzkgx-glibc-2.35-163/lib/libc.so.6
7fd54c1e3000-7fd54c23b000 r--p 0019e000 08:30 600592014                  /nix/store/4nlgxhb09sdr51nc9hdm8az5b08vzkgx-glibc-2.35-163/lib/libc.so.6
7fd54c23b000-7fd54c23f000 r--p 001f6000 08:30 600592014                  /nix/store/4nlgxhb09sdr51nc9hdm8az5b08vzkgx-glibc-2.35-163/lib/libc.so.6
7fd54c23f000-7fd54c241000 rw-p 001fa000 08:30 600592014                  /nix/store/4nlgxhb09sdr51nc9hdm8az5b08vzkgx-glibc-2.35-163/lib/libc.so.6
7fd54c241000-7fd54c250000 rw-p 00000000 00:00 0 
7fd54c250000-7fd54c251000 r--p 00000000 08:30 600592019                  /nix/store/4nlgxhb09sdr51nc9hdm8az5b08vzkgx-glibc-2.35-163/lib/libdl.so.2
7fd54c251000-7fd54c252000 r-xp 00001000 08:30 600592019                  /nix/store/4nlgxhb09sdr51nc9hdm8az5b08vzkgx-glibc-2.35-163/lib/libdl.so.2
7fd54c252000-7fd54c253000 r--p 00002000 08:30 600592019                  /nix/store/4nlgxhb09sdr51nc9hdm8az5b08vzkgx-glibc-2.35-163/lib/libdl.so.2
7fd54c253000-7fd54c254000 r--p 00002000 08:30 600592019                  /nix/store/4nlgxhb09sdr51nc9hdm8az5b08vzkgx-glibc-2.35-163/lib/libdl.so.2
7fd54c254000-7fd54c255000 rw-p 00003000 08:30 600592019                  /nix/store/4nlgxhb09sdr51nc9hdm8az5b08vzkgx-glibc-2.35-163/lib/libdl.so.2
7fd54c255000-7fd54c256000 r--p 00000000 08:30 600592038                  /nix/store/4nlgxhb09sdr51nc9hdm8az5b08vzkgx-glibc-2.35-163/lib/libpthread.so.0
7fd54c256000-7fd54c257000 r-xp 00001000 08:30 600592038                  /nix/store/4nlgxhb09sdr51nc9hdm8az5b08vzkgx-glibc-2.35-163/lib/libpthread.so.0
7fd54c257000-7fd54c258000 r--p 00002000 08:30 600592038                  /nix/store/4nlgxhb09sdr51nc9hdm8az5b08vzkgx-glibc-2.35-163/lib/libpthread.so.0
7fd54c258000-7fd54c259000 r--p 00002000 08:30 600592038                  /nix/store/4nlgxhb09sdr51nc9hdm8az5b08vzkgx-glibc-2.35-163/lib/libpthread.so.0
7fd54c259000-7fd54c25a000 rw-p 00003000 08:30 600592038                  /nix/store/4nlgxhb09sdr51nc9hdm8az5b08vzkgx-glibc-2.35-163/lib/libpthread.so.0
7fd54c25a000-7fd54c268000 r-xp 00000000 08:30 707802129                  /nix/store/gpxl5qgg8kicmcvivwmybwjlpf7wh20l-graalvm17-ce-22.3.0/lib/libjli.so
7fd54c268000-7fd54c269000 ---p 0000e000 08:30 707802129                  /nix/store/gpxl5qgg8kicmcvivwmybwjlpf7wh20l-graalvm17-ce-22.3.0/lib/libjli.so
7fd54c269000-7fd54c26a000 r--p 0000e000 08:30 707802129                  /nix/store/gpxl5qgg8kicmcvivwmybwjlpf7wh20l-graalvm17-ce-22.3.0/lib/libjli.so
7fd54c26a000-7fd54c26b000 rw-p 0000f000 08:30 707802129                  /nix/store/gpxl5qgg8kicmcvivwmybwjlpf7wh20l-graalvm17-ce-22.3.0/lib/libjli.so
7fd54c26b000-7fd54c26c000 rw-p 00012000 08:30 707802129                  /nix/store/gpxl5qgg8kicmcvivwmybwjlpf7wh20l-graalvm17-ce-22.3.0/lib/libjli.so
7fd54c26c000-7fd54c26f000 r--p 00000000 08:30 678822167                  /nix/store/026hln0aq1hyshaxsdvhg0kmcm6yf45r-zlib-1.2.13/lib/libz.so.1.2.13
7fd54c26f000-7fd54c281000 r-xp 00003000 08:30 678822167                  /nix/store/026hln0aq1hyshaxsdvhg0kmcm6yf45r-zlib-1.2.13/lib/libz.so.1.2.13
7fd54c281000-7fd54c288000 r--p 00015000 08:30 678822167                  /nix/store/026hln0aq1hyshaxsdvhg0kmcm6yf45r-zlib-1.2.13/lib/libz.so.1.2.13
7fd54c288000-7fd54c289000 r--p 0001b000 08:30 678822167                  /nix/store/026hln0aq1hyshaxsdvhg0kmcm6yf45r-zlib-1.2.13/lib/libz.so.1.2.13
7fd54c289000-7fd54c28a000 rw-p 0001c000 08:30 678822167                  /nix/store/026hln0aq1hyshaxsdvhg0kmcm6yf45r-zlib-1.2.13/lib/libz.so.1.2.13
7fd54c28a000-7fd54c28c000 rw-p 00000000 00:00 0 
7fd54c28c000-7fd54c28e000 r--p 00000000 08:30 600592008                  /nix/store/4nlgxhb09sdr51nc9hdm8az5b08vzkgx-glibc-2.35-163/lib/ld-linux-x86-64.so.2
7fd54c28e000-7fd54c2b5000 r-xp 00002000 08:30 600592008                  /nix/store/4nlgxhb09sdr51nc9hdm8az5b08vzkgx-glibc-2.35-163/lib/ld-linux-x86-64.so.2
7fd54c2b5000-7fd54c2c1000 r--p 00029000 08:30 600592008                  /nix/store/4nlgxhb09sdr51nc9hdm8az5b08vzkgx-glibc-2.35-163/lib/ld-linux-x86-64.so.2
7fd54c2c1000-7fd54c2c3000 r--p 00034000 08:30 600592008                  /nix/store/4nlgxhb09sdr51nc9hdm8az5b08vzkgx-glibc-2.35-163/lib/ld-linux-x86-64.so.2
7fd54c2c3000-7fd54c2c5000 rw-p 00036000 08:30 600592008                  /nix/store/4nlgxhb09sdr51nc9hdm8az5b08vzkgx-glibc-2.35-163/lib/ld-linux-x86-64.so.2
7ffe29f39000-7ffe29f5e000 rw-p 00000000 00:00 0                          [stack]
7ffe29fb3000-7ffe29fb7000 r--p 00000000 00:00 0                          [vvar]
7ffe29fb7000-7ffe29fb9000 r-xp 00000000 00:00 0                          [vdso]
ffffffffff600000-ffffffffff601000 --xp 00000000 00:00 0                  [vsyscall]


VM Arguments:
jvm_args: -XX:ThreadPriorityPolicy=1 -XX:+UnlockExperimentalVMOptions -XX:+EnableJVMCIProduct -XX:JVMCIThreadsPerNativeLibraryRuntime=1 -XX:-UnlockExperimentalVMOptions -Declipse.application=org.eclipse.jdt.ls.core.id1 -Dosgi.bundles.defaultStartLevel=4 -Declipse.product=org.eclipse.jdt.ls.core.product -Dlog.level=ALL -Xverify:none -XX:+UseParallelGC -XX:GCTimeRatio=4 -XX:AdaptiveSizePolicyWeight=90 -Dsun.zip.disableMemoryMapping=true -Xmx512m -Xms100m 
java_command: /nix/store/q9712qvwdh22a4krw4jz2sjrz07mvjbl-jdt-language-server-1.9.0/share/java/plugins/org.eclipse.equinox.launcher_1.6.400.v20210924-0641.jar --add-modules=ALL-SYSTEM --add-opens java.base/java.util=ALL-UNNAMED --add-opens java.base/java.lang=ALL-UNNAMED -configuration /home/runner/Password-Generator-Java/.cache/jdt-language-server/config -data /home/runner/.cache/jdt-language-server/data/home/runner/Password-Generator-Java
java_class_path (initial): /nix/store/q9712qvwdh22a4krw4jz2sjrz07mvjbl-jdt-language-server-1.9.0/share/java/plugins/org.eclipse.equinox.launcher_1.6.400.v20210924-0641.jar
Launcher Type: SUN_STANDARD

[Global flags]
    uintx AdaptiveSizePolicyWeight                 = 90                                        {product} {command line}
     intx CICompilerCount                          = 2                                         {product} {ergonomic}
     bool EnableJVMCIProduct                       = true                                {JVMCI product} {jimage}
    uintx GCTimeRatio                              = 4                                         {product} {command line}
   size_t InitialHeapSize                          = 104857600                                 {product} {command line}
     uint JVMCIThreadsPerNativeLibraryRuntime      = 1                                   {JVMCI product} {jimage}
   size_t MaxHeapSize                              = 536870912                                 {product} {command line}
   size_t MaxNewSize                               = 178782208                                 {product} {ergonomic}
   size_t MinHeapDeltaBytes                        = 524288                                    {product} {ergonomic}
   size_t MinHeapSize                              = 104857600                                 {product} {command line}
   size_t NewSize                                  = 34603008                                  {product} {ergonomic}
    uintx NonNMethodCodeHeapSize                   = 5826188                                {pd product} {ergonomic}
    uintx NonProfiledCodeHeapSize                  = 122916026                              {pd product} {ergonomic}
   size_t OldSize                                  = 70254592                                  {product} {ergonomic}
    uintx ProfiledCodeHeapSize                     = 122916026                              {pd product} {ergonomic}
    uintx ReservedCodeCacheSize                    = 251658240                              {pd product} {ergonomic}
     bool SegmentedCodeCache                       = true                                      {product} {ergonomic}
   size_t SoftMaxHeapSize                          = 536870912                              {manageable} {ergonomic}
     intx ThreadPriorityPolicy                     = 1                                         {product} {jimage}
     bool UseCompressedClassPointers               = true                           {product lp64_product} {ergonomic}
     bool UseCompressedOops                        = true                           {product lp64_product} {ergonomic}
     bool UseParallelGC                            = true                                      {product} {command line}

Logging:
Log output configuration:
 #0: stdout all=warning uptime,level,tags
 #1: stderr all=off uptime,level,tags

Environment Variables:
JAVA_HOME=/nix/store/gpxl5qgg8kicmcvivwmybwjlpf7wh20l-graalvm17-ce-22.3.0
PATH=/nix/store/1d6ian3r8kdzspw8hacjhl3xkp40g1lj-binutils-wrapper-2.39/bin:/nix/store/dq0xwmsk1g0i2ayg6pb7y87na2knzylh-gcc-wrapper-11.3.0/bin:/nix/store/bap4d0lpcrhpwmpb8ayjcgkmvfj62lnq-bash-interactive-5.1-p16/bin:/nix/store/pr5n59mb4jzmfx6kanwxly0l07p861fg-patchelf-0.15.0/bin:/nix/store/1gf2flfqnpqbr1b4p4qz2f72y42bs56r-gcc-11.3.0/bin:/nix/store/57xv61c5zi8pphjbcwxxjlgc34p61ic9-glibc-2.35-163-bin/bin:/nix/store/a7gvj343m05j2s32xcnwr35v31ynlypr-coreutils-9.1/bin:/nix/store/039g378vc3pc3dvi9dzdlrd0i4q93qwf-binutils-2.39/bin:/nix/store/gpxl5qgg8kicmcvivwmybwjlpf7wh20l-graalvm17-ce-22.3.0/bin:/nix/store/6z9ag3ihc8mq2hzsw48lhbznvzny65nz-apache-maven-3.8.6/bin:/nix/store/q9712qvwdh22a4krw4jz2sjrz07mvjbl-jdt-language-server-1.9.0/bin:/nix/store/9zdrgm97n766nc0kj11x4xvvp00qlfk9-java-debug/bin:/nix/store/18y8p4mjwjy26npih04hfv48wz9czgk3-attr-2.5.1-bin/bin:/nix/store/q8s1kzhsblr2a1p2g0lh2dkcgca1im3z-libcap-2.66/bin:/nix/store/bvihhgw8bh6cqqlj0d4s8cvmm4mqmzfc-pulseaudio-16.1/bin:/nix/store/mydc6f4k2z73xlcz7ilif3v2lcaiqvza-findutils-4.9.0/bin:/nix/store/j9p3g8472iijd50vhdprx0nmk2fqn5gv-diffutils-3.8/bin:/nix/store/89zs7rms6x00xfq4dq6m7mjnhkr8a6r4-gnused-4.8/bin:/nix/store/86bp03jkmsl6f92w0yzg4s59g5mhxwmy-gnugrep-3.7/bin:/nix/store/hwcdqw4jrjnd37wxqgsd47hd0j8bnj09-gawk-5.1.1/bin:/nix/store/cfbhw8r8ags41vwqaz47r583d0p4h4a1-gnutar-1.34/bin:/nix/store/p3m1ndl1lapwrlh698bnb5lvvxh67378-gzip-1.12/bin:/nix/store/a8mhcagrsly7c7mpjrpsnaahk4aax056-bzip2-1.0.8-bin/bin:/nix/store/mblgz65m3zv9x548a3d5m96fj2pbwr09-gnumake-4.3/bin:/nix/store/dsd5gz46hdbdk2rfdimqddhq6m8m8fqs-bash-5.1-p16/bin:/nix/store/v7ljksji50mg3w61dykaa3n3y79n6nil-patch-2.7.6/bin:/nix/store/zlcnmqq14jz5x9439jf937mvayyl63da-xz-5.2.7-bin/bin:/nix/store/y6aj732zm9m87c82fpvf103a1xb22blp-file-5.43/bin:/nix/store/yq0vlv3d2f5si3ibawpq5ay2pc6knixp-nix-2.18.0pre20230808_c0e6466/bin:/nix/store/i4kzir3m7mrisxmf5xvlnkw01x4qaqr4-prybar-elisp-0.0.0-e0d9a52/bin:/nix/store/lwwivxf6h7x3cvxp9zv8sj0mv7dak99r-prybar-lua-0.0.0-e0d9a52/bin:/nix/st
LD_LIBRARY_PATH=/nix/store/a4pff549sk2idnkpzk5nsfps3mdkdnvm-cups-2.4.2-lib/lib:/nix/store/72mqxxhh3cy5yifh92wh2yb8cl2hikyy-cairo-1.16.0/lib:/nix/store/2k366jrbsra97gjfxwvrhvixjfxdach5-glib-2.74.1/lib:/nix/store/2j2znigd8ak37rlwh9khz0ry3clqlw1l-gtk+3-3.24.34/lib
DISPLAY=:0
LANG=en_US.UTF-8

Signal Handlers:
   SIGSEGV: crash_handler in libjvm.so, mask=11100100010111111101111111111110, flags=SA_RESTART|SA_SIGINFO
    SIGBUS: crash_handler in libjvm.so, mask=11100100010111111101111111111110, flags=SA_RESTART|SA_SIGINFO
    SIGFPE: crash_handler in libjvm.so, mask=11100100010111111101111111111110, flags=SA_RESTART|SA_SIGINFO
   SIGPIPE: IsolateEnterStub_IgnoreSIGPIPEStartupHook_noopSignalHandler_8f19bff2f35b5f630d83b364d6b2339320d4ec70_216e8361c6bc87a8f89f58cc10d3b2fd4415bf87 in libjvmcicompiler.so, mask=00000000000000000000000000000000, flags=SA_RESTART
  *** Handler was modified!
  *** Expected: javaSignalHandler in libjvm.so, mask=11100100110111111111111111111110, flags=SA_RESTART|SA_SIGINFO
   SIGXFSZ: javaSignalHandler in libjvm.so, mask=11100100010111111101111111111110, flags=SA_RESTART|SA_SIGINFO
    SIGILL: crash_handler in libjvm.so, mask=11100100010111111101111111111110, flags=SA_RESTART|SA_SIGINFO
   SIGUSR2: SR_handler in libjvm.so, mask=00000000000000000000000000000000, flags=SA_RESTART|SA_SIGINFO
    SIGHUP: UserHandler in libjvm.so, mask=11100100010111111101111111111110, flags=SA_RESTART|SA_SIGINFO
    SIGINT: UserHandler in libjvm.so, mask=11100100010111111101111111111110, flags=SA_RESTART|SA_SIGINFO
   SIGTERM: UserHandler in libjvm.so, mask=11100100010111111101111111111110, flags=SA_RESTART|SA_SIGINFO
   SIGQUIT: UserHandler in libjvm.so, mask=11100100010111111101111111111110, flags=SA_RESTART|SA_SIGINFO
  *** Handler was modified!
  *** Expected: javaSignalHandler in libjvm.so, mask=11100100110111111111111111111110, flags=SA_RESTART|SA_SIGINFO
   SIGTRAP: crash_handler in libjvm.so, mask=11100100010111111101111111111110, flags=SA_RESTART|SA_SIGINFO


---------------  S Y S T E M  ---------------

OS:
DISTRIB_ID=Ubuntu
DISTRIB_RELEASE=20.04
DISTRIB_CODENAME=focal
DISTRIB_DESCRIPTION="Ubuntu 20.04.2 LTS"
uname: Linux 6.5.0-1014-gcp #14~22.04.1-Ubuntu SMP Sat Feb 10 04:57:00 UTC 2024 x86_64
OS uptime: 0 days 3:42 hours
libc: glibc 2.35 NPTL 2.35 
rlimit (soft/hard): STACK 8192k/infinity , CORE infinity/infinity , NPROC infinity/infinity , NOFILE 5242/5242 , AS infinity/infinity , CPU infinity/infinity , DATA infinity/infinity , FSIZE infinity/infinity , MEMLOCK 8192k/8192k
load average: 64.94 26.27 17.48

/proc/meminfo:
MemTotal:       65835392 kB
MemFree:        38585804 kB
MemAvailable:   50421712 kB
Buffers:         1231420 kB
Cached:         10052536 kB
SwapCached:            0 kB
Active:         15933948 kB
Inactive:        9111236 kB
Active(anon):   12072744 kB
Inactive(anon):  1487832 kB
Active(file):    3861204 kB
Inactive(file):  7623404 kB
Unevictable:       27976 kB
Mlocked:           27976 kB
SwapTotal:             0 kB
SwapFree:              0 kB
Zswap:                 0 kB
Zswapped:              0 kB
Dirty:              5508 kB
Writeback:          2232 kB
AnonPages:      13621076 kB
Mapped:          1893588 kB
Shmem:             21576 kB
KReclaimable:    1077752 kB
Slab:            1513548 kB
SReclaimable:    1077752 kB
SUnreclaim:       435796 kB
KernelStack:      111932 kB
PageTables:       237852 kB
SecPageTables:         0 kB
NFS_Unstable:          0 kB
Bounce:                0 kB
WritebackTmp:          0 kB
CommitLimit:    32917696 kB
Committed_AS:   42989728 kB
VmallocTotal:   34359738367 kB
VmallocUsed:      134192 kB
VmallocChunk:          0 kB
Percpu:            29824 kB
HardwareCorrupted:     0 kB
AnonHugePages:    958464 kB
ShmemHugePages:        0 kB
ShmemPmdMapped:        0 kB
FileHugePages:         0 kB
FilePmdMapped:         0 kB
Unaccepted:            0 kB
HugePages_Total:       0
HugePages_Free:        0
HugePages_Rsvd:        0
HugePages_Surp:        0
Hugepagesize:       2048 kB
Hugetlb:               0 kB
DirectMap4k:      166712 kB
DirectMap2M:    10315776 kB
DirectMap1G:    58720256 kB

/sys/kernel/mm/transparent_hugepage/enabled: always [madvise] never
/sys/kernel/mm/transparent_hugepage/defrag (defrag/compaction efforts parameter): always defer defer+madvise [madvise] never

Process Memory:
Virtual Size: 5042740K (peak: 5129004K)
Resident Set Size: 379356K (peak: 451720K) (anon: 286584K, file: 92772K, shmem: 0K)
Swapped out: 0K
C-Heap outstanding allocations: 42240K, retained: 14431K
glibc malloc tunables: (default)

/proc/sys/kernel/threads-max (system-wide limit on the number of threads): 514277
/proc/sys/vm/max_map_count (maximum number of memory map areas a process may have): 65530
/proc/sys/kernel/pid_max (system-wide limit on number of process identifiers): 4194304

container (cgroup) information:
container_type: cgroupv2
cpu_cpuset_cpus: not supported
cpu_memory_nodes: not supported
active_processor_count: 1
cpu_quota: 50000
cpu_period: 100000
cpu_shares: no shares
memory_limit_in_bytes: 1048576 k
memory_and_swap_limit_in_bytes: unlimited
memory_soft_limit_in_bytes: 524288 k
memory_usage_in_bytes: 393680 k
memory_max_usage_in_bytes: not supported
maximum number of tasks: not supported
current number of tasks: not supported

KVM virtualization detected
Steal ticks since vm start: 3828
Steal ticks percentage since vm start:  0.002

CPU: total 8 (initial active 1) (4 cores per cpu, 2 threads per core) family 6 model 79 stepping 0 microcode 0xffffffff, cx8, cmov, fxsr, ht, mmx, 3dnowpref, sse, sse2, sse3, ssse3, sse4.1, sse4.2, popcnt, lzcnt, tsc, tscinvbit, avx, avx2, aes, erms, clmul, bmi1, bmi2, rtm, adx, fma, vzeroupper, clflush, hv
CPU Model and flags from /proc/cpuinfo:
model name	: Intel(R) Xeon(R) CPU @ 2.20GHz
flags		: fpu vme de pse tsc msr pae mce cx8 apic sep mtrr pge mca cmov pat pse36 clflush mmx fxsr sse sse2 ss ht syscall nx pdpe1gb rdtscp lm constant_tsc rep_good nopl xtopology nonstop_tsc cpuid tsc_known_freq pni pclmulqdq ssse3 fma cx16 pcid sse4_1 sse4_2 x2apic movbe popcnt aes xsave avx f16c rdrand hypervisor lahf_lm abm 3dnowprefetch invpcid_single pti ssbd ibrs ibpb stibp fsgsbase tsc_adjust bmi1 hle avx2 smep bmi2 erms invpcid rtm rdseed adx smap xsaveopt arat md_clear arch_capabilities

Online cpus: 0-7
Offline cpus: 
BIOS frequency limitation: <Not Available>
Frequency switch latency (ns): <Not Available>
Available cpu frequencies: <Not Available>
Current governor: <Not Available>
Core performance/turbo boost: <Not Available>

Memory: 4k page, physical 1048576k(654892k free), swap 0k(0k free)
Page Sizes: 4k

vm_info: OpenJDK 64-Bit Server VM (17.0.5+8-jvmci-22.3-b08) for linux-amd64 JRE (17.0.5+8-jvmci-22.3-b08), built on Oct 19 2022 09:01:27 by "buildslave" with gcc 10.3.0

END.
